0.00000e+00 0.00000e+00 1.00000e+00 3.30000e+01 3.40000e+01
1.00000e+00 5.00000e+00 6.00000e+00 3.80000e+01 3.90000e+01
2.00000e+00 0.00000e+00 7.00000e+00 3.30000e+01 4.00000e+01
3.00000e+00 6.00000e+00 8.00000e+00 3.90000e+01 4.10000e+01
4.00000e+00 2.40000e+01 2.60000e+01 5.70000e+01 5.90000e+01
5.00000e+00 2.50000e+01 3.20000e+01 5.80000e+01 6.50000e+01
6.00000e+00 2.60000e+01 2.70000e+01 5.90000e+01 6.00000e+01
7.00000e+00 3.10000e+01 3.20000e+01 6.40000e+01 6.50000e+01
8.00000e+00 3.30000e+01 3.40000e+01 6.60000e+01 6.70000e+01
9.00000e+00 3.80000e+01 3.90000e+01 7.10000e+01 7.20000e+01
1.00000e+01 3.30000e+01 4.00000e+01 6.60000e+01 7.30000e+01
1.10000e+01 3.90000e+01 4.10000e+01 7.20000e+01 7.40000e+01
1.20000e+01 5.70000e+01 5.90000e+01 9.00000e+01 9.20000e+01
1.30000e+01 5.80000e+01 6.50000e+01 9.10000e+01 9.80000e+01
1.40000e+01 5.90000e+01 6.00000e+01 9.20000e+01 9.30000e+01
1.50000e+01 6.40000e+01 6.50000e+01 9.70000e+01 9.80000e+01
1.60000e+01 6.60000e+01 6.70000e+01 9.90000e+01 1.00000e+02
1.70000e+01 7.10000e+01 7.20000e+01 1.04000e+02 1.05000e+02
1.80000e+01 6.60000e+01 7.30000e+01 9.90000e+01 1.06000e+02
1.90000e+01 7.20000e+01 7.40000e+01 1.05000e+02 1.07000e+02
2.00000e+01 9.00000e+01 9.20000e+01 1.23000e+02 1.25000e+02
2.10000e+01 9.10000e+01 9.80000e+01 1.24000e+02 1.31000e+02
2.20000e+01 9.20000e+01 9.30000e+01 1.25000e+02 1.26000e+02
2.30000e+01 9.70000e+01 9.80000e+01 1.30000e+02 1.31000e+02
2.40000e+01 9.90000e+01 1.00000e+02 1.32000e+02 1.33000e+02
2.50000e+01 1.04000e+02 1.05000e+02 1.37000e+02 1.38000e+02
2.60000e+01 9.90000e+01 1.06000e+02 1.32000e+02 1.39000e+02
2.70000e+01 1.05000e+02 1.07000e+02 1.38000e+02 1.40000e+02
2.80000e+01 1.23000e+02 1.25000e+02 1.56000e+02 1.58000e+02
2.90000e+01 1.24000e+02 1.31000e+02 1.57000e+02 1.64000e+02
3.00000e+01 1.25000e+02 1.26000e+02 1.58000e+02 1.59000e+02
3.10000e+01 1.30000e+02 1.31000e+02 1.63000e+02 1.64000e+02
3.20000e+01 1.32000e+02 1.33000e+02 1.65000e+02 1.66000e+02
3.30000e+01 1.37000e+02 1.38000e+02 1.70000e+02 1.71000e+02
3.40000e+01 1.32000e+02 1.39000e+02 1.65000e+02 1.72000e+02
3.50000e+01 1.38000e+02 1.40000e+02 1.71000e+02 1.73000e+02
3.60000e+01 1.56000e+02 1.58000e+02 1.89000e+02 1.91000e+02
3.70000e+01 1.57000e+02 1.64000e+02 1.90000e+02 1.97000e+02
3.80000e+01 1.58000e+02 1.59000e+02 1.91000e+02 1.92000e+02
3.90000e+01 1.63000e+02 1.64000e+02 1.96000e+02 1.97000e+02
4.00000e+01 1.65000e+02 1.66000e+02 1.98000e+02 1.99000e+02
4.10000e+01 1.70000e+02 1.71000e+02 2.03000e+02 2.04000e+02
4.20000e+01 1.65000e+02 1.72000e+02 1.98000e+02 2.05000e+02
4.30000e+01 1.71000e+02 1.73000e+02 2.04000e+02 2.06000e+02
4.40000e+01 1.89000e+02 1.91000e+02 2.22000e+02 2.24000e+02
4.50000e+01 1.90000e+02 1.97000e+02 2.23000e+02 2.30000e+02
4.60000e+01 1.91000e+02 1.92000e+02 2.24000e+02 2.25000e+02
4.70000e+01 1.96000e+02 1.97000e+02 2.29000e+02 2.30000e+02
4.80000e+01 1.98000e+02 1.99000e+02 2.31000e+02 2.32000e+02
4.90000e+01 2.03000e+02 2.04000e+02 2.36000e+02 2.37000e+02
5.00000e+01 1.98000e+02 2.05000e+02 2.31000e+02 2.38000e+02
5.10000e+01 2.04000e+02 2.06000e+02 2.37000e+02 2.39000e+02
5.20000e+01 2.22000e+02 2.24000e+02 2.55000e+02 2.57000e+02
5.30000e+01 2.23000e+02 2.30000e+02 2.56000e+02 2.63000e+02
5.40000e+01 2.24000e+02 2.25000e+02 2.57000e+02 2.58000e+02
5.50000e+01 2.29000e+02 2.30000e+02 2.62000e+02 2.63000e+02
5.60000e+01 2.31000e+02 2.32000e+02 2.64000e+02 2.65000e+02
5.70000e+01 2.36000e+02 2.37000e+02 2.69000e+02 2.70000e+02
5.80000e+01 2.31000e+02 2.38000e+02 2.64000e+02 2.71000e+02
5.90000e+01 2.37000e+02 2.39000e+02 2.70000e+02 2.72000e+02
6.00000e+01 2.55000e+02 2.57000e+02 2.88000e+02 2.90000e+02
6.10000e+01 2.56000e+02 2.63000e+02 2.89000e+02 2.96000e+02
6.20000e+01 2.57000e+02 2.58000e+02 2.90000e+02 2.91000e+02
6.30000e+01 2.62000e+02 2.63000e+02 2.95000e+02 2.96000e+02
6.40000e+01 2.64000e+02 2.65000e+02 2.97000e+02 2.98000e+02
6.50000e+01 2.69000e+02 2.70000e+02 3.02000e+02 3.03000e+02
6.60000e+01 2.64000e+02 2.71000e+02 2.97000e+02 3.04000e+02
6.70000e+01 2.70000e+02 2.72000e+02 3.03000e+02 3.05000e+02
6.80000e+01 2.88000e+02 2.90000e+02 3.21000e+02 3.23000e+02
6.90000e+01 2.89000e+02 2.96000e+02 3.22000e+02 3.29000e+02
7.00000e+01 2.90000e+02 2.91000e+02 3.23000e+02 3.24000e+02
7.10000e+01 2.95000e+02 2.96000e+02 3.28000e+02 3.29000e+02
7.20000e+01 2.97000e+02 2.98000e+02 3.30000e+02 3.31000e+02
7.30000e+01 3.02000e+02 3.03000e+02 3.35000e+02 3.36000e+02
7.40000e+01 2.97000e+02 3.04000e+02 3.30000e+02 3.37000e+02
7.50000e+01 3.03000e+02 3.05000e+02 3.36000e+02 3.38000e+02
7.60000e+01 3.21000e+02 3.23000e+02 3.54000e+02 3.56000e+02
7.70000e+01 3.22000e+02 3.29000e+02 3.55000e+02 3.62000e+02
7.80000e+01 3.23000e+02 3.24000e+02 3.56000e+02 3.57000e+02
7.90000e+01 3.28000e+02 3.29000e+02 3.61000e+02 3.62000e+02
