0.00000e+00 0.00000e+00 0.00000e+00 0.00000e+00
1.00000e+00 0.00000e+00 0.00000e+00 0.00000e+00
2.00000e+00 0.00000e+00 0.00000e+00 0.00000e+00
3.00000e+00 0.00000e+00 0.00000e+00 0.00000e+00
4.00000e+00 0.00000e+00 0.00000e+00 0.00000e+00
5.00000e+00 0.00000e+00 0.00000e+00 0.00000e+00
6.00000e+00 0.00000e+00 0.00000e+00 0.00000e+00
7.00000e+00 0.00000e+00 0.00000e+00 0.00000e+00
8.00000e+00 0.00000e+00 0.00000e+00 0.00000e+00
9.00000e+00 0.00000e+00 0.00000e+00 0.00000e+00
1.00000e+01 0.00000e+00 0.00000e+00 0.00000e+00
1.10000e+01 0.00000e+00 0.00000e+00 0.00000e+00
1.20000e+01 0.00000e+00 0.00000e+00 0.00000e+00
1.30000e+01 0.00000e+00 0.00000e+00 0.00000e+00
1.40000e+01 0.00000e+00 0.00000e+00 0.00000e+00
1.50000e+01 0.00000e+00 0.00000e+00 0.00000e+00
1.60000e+01 0.00000e+00 0.00000e+00 0.00000e+00
1.70000e+01 0.00000e+00 0.00000e+00 0.00000e+00
1.80000e+01 0.00000e+00 0.00000e+00 0.00000e+00
1.90000e+01 0.00000e+00 0.00000e+00 0.00000e+00
2.00000e+01 0.00000e+00 0.00000e+00 0.00000e+00
2.10000e+01 0.00000e+00 0.00000e+00 0.00000e+00
2.20000e+01 0.00000e+00 0.00000e+00 0.00000e+00
2.30000e+01 0.00000e+00 0.00000e+00 0.00000e+00
2.40000e+01 0.00000e+00 0.00000e+00 0.00000e+00
2.50000e+01 0.00000e+00 0.00000e+00 0.00000e+00
2.60000e+01 0.00000e+00 0.00000e+00 0.00000e+00
2.70000e+01 0.00000e+00 0.00000e+00 0.00000e+00
2.80000e+01 0.00000e+00 0.00000e+00 0.00000e+00
2.90000e+01 0.00000e+00 0.00000e+00 0.00000e+00
3.00000e+01 0.00000e+00 0.00000e+00 0.00000e+00
3.10000e+01 0.00000e+00 0.00000e+00 0.00000e+00
3.20000e+01 0.00000e+00 0.00000e+00 0.00000e+00
3.30000e+01 -1.72216e-05 -4.24988e-05 -1.18556e-05
3.40000e+01 -1.72216e-05 -4.24988e-05 -2.26579e-06
3.50000e+01 -1.72216e-05 -4.24988e-05 -1.74180e-06
3.60000e+01 -1.72216e-05 -4.24988e-05 -2.12931e-06
3.70000e+01 -1.72216e-05 -4.24988e-05 -2.94689e-06
3.80000e+01 -1.72216e-05 -4.24988e-05 -1.43977e-05
3.90000e+01 -1.72216e-05 -4.24988e-05 -5.01796e-06
4.00000e+01 -1.72216e-05 -4.24988e-05 1.15931e-05
4.10000e+01 -1.72216e-05 -4.24988e-05 1.83456e-05
4.20000e+01 -1.72216e-05 -4.24988e-05 5.36949e-07
4.30000e+01 -1.72216e-05 -4.24988e-05 1.09771e-08
4.40000e+01 -1.72216e-05 -4.24988e-05 -5.33554e-08
4.50000e+01 -1.72216e-05 -4.24988e-05 4.64613e-09
4.60000e+01 -1.72216e-05 -4.24988e-05 2.43693e-06
4.70000e+01 -1.72216e-05 -4.24988e-05 -8.62853e-07
4.80000e+01 -1.72216e-05 -4.24988e-05 -2.16210e-08
4.90000e+01 -1.72216e-05 -4.24988e-05 -6.52467e-22
5.00000e+01 -1.72216e-05 -4.24988e-05 2.16210e-08
5.10000e+01 -1.72216e-05 -4.24988e-05 8.62853e-07
5.20000e+01 -1.72216e-05 -4.24988e-05 -2.43693e-06
5.30000e+01 -1.72216e-05 -4.24988e-05 -4.64613e-09
5.40000e+01 -1.72216e-05 -4.24988e-05 5.33554e-08
5.50000e+01 -1.72216e-05 -4.24988e-05 -1.09771e-08
5.60000e+01 -1.72216e-05 -4.24988e-05 -5.36949e-07
5.70000e+01 -1.72216e-05 -4.24988e-05 -1.83456e-05
5.80000e+01 -1.72216e-05 -4.24988e-05 -1.15931e-05
5.90000e+01 -1.72216e-05 -4.24988e-05 5.01796e-06
6.00000e+01 -1.72216e-05 -4.24988e-05 1.43977e-05
6.10000e+01 -1.72216e-05 -4.24988e-05 2.94689e-06
6.20000e+01 -1.72216e-05 -4.24988e-05 2.12931e-06
6.30000e+01 -1.72216e-05 -4.24988e-05 1.74180e-06
6.40000e+01 -1.72216e-05 -4.24988e-05 2.26579e-06
6.50000e+01 -1.72216e-05 -4.24988e-05 1.18556e-05
6.60000e+01 -5.21534e-05 -1.28702e-04 -1.80886e-05
6.70000e+01 -5.21534e-05 -1.28702e-04 -5.06922e-06
6.80000e+01 -5.21534e-05 -1.28702e-04 -3.31829e-06
6.90000e+01 -5.21534e-05 -1.28702e-04 -4.03922e-06
7.00000e+01 -5.21534e-05 -1.28702e-04 -5.57471e-06
7.10000e+01 -5.21534e-05 -1.28702e-04 -2.06706e-05
7.20000e+01 -5.21534e-05 -1.28702e-04 -7.65616e-06
7.30000e+01 -5.21534e-05 -1.28702e-04 1.40350e-05
7.40000e+01 -5.21534e-05 -1.28702e-04 2.44655e-05
7.50000e+01 -5.21534e-05 -1.28702e-04 9.82314e-07
7.60000e+01 -5.21534e-05 -1.28702e-04 1.26022e-08
7.70000e+01 -5.21534e-05 -1.28702e-04 -1.11209e-07
7.80000e+01 -5.21534e-05 -1.28702e-04 5.33400e-09
7.90000e+01 -5.21534e-05 -1.28702e-04 4.58600e-06
8.00000e+01 -5.21534e-05 -1.28702e-04 -1.63680e-06
8.10000e+01 -5.21534e-05 -1.28702e-04 -4.50650e-08
8.20000e+01 -5.21534e-05 -1.28702e-04 1.14379e-21
8.30000e+01 -5.21534e-05 -1.28702e-04 4.50650e-08
8.40000e+01 -5.21534e-05 -1.28702e-04 1.63680e-06
8.50000e+01 -5.21534e-05 -1.28702e-04 -4.58600e-06
8.60000e+01 -5.21534e-05 -1.28702e-04 -5.33400e-09
8.70000e+01 -5.21534e-05 -1.28702e-04 1.11209e-07
8.80000e+01 -5.21534e-05 -1.28702e-04 -1.26022e-08
8.90000e+01 -5.21534e-05 -1.28702e-04 -9.82314e-07
9.00000e+01 -5.21534e-05 -1.28702e-04 -2.44655e-05
9.10000e+01 -5.21534e-05 -1.28702e-04 -1.40350e-05
9.20000e+01 -5.21534e-05 -1.28702e-04 7.65616e-06
9.30000e+01 -5.21534e-05 -1.28702e-04 2.06706e-05
9.40000e+01 -5.21534e-05 -1.28702e-04 5.57471e-06
9.50000e+01 -5.21534e-05 -1.28702e-04 4.03922e-06
9.60000e+01 -5.21534e-05 -1.28702e-04 3.31829e-06
9.70000e+01 -5.21534e-05 -1.28702e-04 5.06922e-06
9.80000e+01 -5.21534e-05 -1.28702e-04 1.80886e-05
9.90000e+01 -9.28471e-05 -2.29124e-04 -2.15341e-05
1.00000e+02 -9.28471e-05 -2.29124e-04 -7.61777e-06
1.01000e+02 -9.28471e-05 -2.29124e-04 -4.67046e-06
1.02000e+02 -9.28471e-05 -2.29124e-04 -5.65541e-06
1.03000e+02 -9.28471e-05 -2.29124e-04 -7.77515e-06
1.04000e+02 -9.28471e-05 -2.29124e-04 -2.29567e-05
1.05000e+02 -9.28471e-05 -2.29124e-04 -9.11446e-06
1.06000e+02 -9.28471e-05 -2.29124e-04 1.27315e-05
1.07000e+02 -9.28471e-05 -2.29124e-04 2.51211e-05
1.08000e+02 -9.28471e-05 -2.29124e-04 1.30916e-06
1.09000e+02 -9.28471e-05 -2.29124e-04 4.92287e-09
1.10000e+02 -9.28471e-05 -2.29124e-04 -1.71714e-07
1.11000e+02 -9.28471e-05 -2.29124e-04 2.08364e-09
1.12000e+02 -9.28471e-05 -2.29124e-04 6.35246e-06
1.13000e+02 -9.28471e-05 -2.29124e-04 -2.29173e-06
1.14000e+02 -9.28471e-05 -2.29124e-04 -6.95832e-08
1.15000e+02 -9.28471e-05 -2.29124e-04 2.32392e-21
1.16000e+02 -9.28471e-05 -2.29124e-04 6.95832e-08
1.17000e+02 -9.28471e-05 -2.29124e-04 2.29173e-06
1.18000e+02 -9.28471e-05 -2.29124e-04 -6.35246e-06
1.19000e+02 -9.28471e-05 -2.29124e-04 -2.08364e-09
1.20000e+02 -9.28471e-05 -2.29124e-04 1.71714e-07
1.21000e+02 -9.28471e-05 -2.29124e-04 -4.92287e-09
1.22000e+02 -9.28471e-05 -2.29124e-04 -1.30916e-06
1.23000e+02 -9.28471e-05 -2.29124e-04 -2.51211e-05
1.24000e+02 -9.28471e-05 -2.29124e-04 -1.27315e-05
1.25000e+02 -9.28471e-05 -2.29124e-04 9.11446e-06
1.26000e+02 -9.28471e-05 -2.29124e-04 2.29567e-05
1.27000e+02 -9.28471e-05 -2.29124e-04 7.77515e-06
1.28000e+02 -9.28471e-05 -2.29124e-04 5.65541e-06
1.29000e+02 -9.28471e-05 -2.29124e-04 4.67046e-06
1.30000e+02 -9.28471e-05 -2.29124e-04 7.61777e-06
1.31000e+02 -9.28471e-05 -2.29124e-04 2.15341e-05
1.32000e+02 -1.33909e-04 -3.30453e-04 -2.33476e-05
1.33000e+02 -1.33909e-04 -3.30453e-04 -9.82724e-06
1.34000e+02 -1.33909e-04 -3.30453e-04 -5.78186e-06
1.35000e+02 -1.33909e-04 -3.30453e-04 -6.96095e-06
1.36000e+02 -1.33909e-04 -3.30453e-04 -9.52891e-06
1.37000e+02 -1.33909e-04 -3.30453e-04 -2.33928e-05
1.38000e+02 -1.33909e-04 -3.30453e-04 -9.88207e-06
1.39000e+02 -1.33909e-04 -3.30453e-04 1.00074e-05
1.40000e+02 -1.33909e-04 -3.30453e-04 2.34690e-05
1.41000e+02 -1.33909e-04 -3.30453e-04 1.52123e-06
1.42000e+02 -1.33909e-04 -3.30453e-04 -1.07992e-08
1.43000e+02 -1.33909e-04 -3.30453e-04 -2.32587e-07
1.44000e+02 -1.33909e-04 -3.30453e-04 -4.57087e-09
1.45000e+02 -1.33909e-04 -3.30453e-04 7.72557e-06
1.46000e+02 -1.33909e-04 -3.30453e-04 -2.82076e-06
1.47000e+02 -1.33909e-04 -3.30453e-04 -9.42505e-08
1.48000e+02 -1.33909e-04 -3.30453e-04 4.10575e-21
1.49000e+02 -1.33909e-04 -3.30453e-04 9.42505e-08
1.50000e+02 -1.33909e-04 -3.30453e-04 2.82076e-06
1.51000e+02 -1.33909e-04 -3.30453e-04 -7.72557e-06
1.52000e+02 -1.33909e-04 -3.30453e-04 4.57087e-09
1.53000e+02 -1.33909e-04 -3.30453e-04 2.32587e-07
1.54000e+02 -1.33909e-04 -3.30453e-04 1.07992e-08
1.55000e+02 -1.33909e-04 -3.30453e-04 -1.52123e-06
1.56000e+02 -1.33909e-04 -3.30453e-04 -2.34690e-05
1.57000e+02 -1.33909e-04 -3.30453e-04 -1.00074e-05
1.58000e+02 -1.33909e-04 -3.30453e-04 9.88207e-06
1.59000e+02 -1.33909e-04 -3.30453e-04 2.33928e-05
1.60000e+02 -1.33909e-04 -3.30453e-04 9.52891e-06
1.61000e+02 -1.33909e-04 -3.30453e-04 6.96095e-06
1.62000e+02 -1.33909e-04 -3.30453e-04 5.78186e-06
1.63000e+02 -1.33909e-04 -3.30453e-04 9.82724e-06
1.64000e+02 -1.33909e-04 -3.30453e-04 2.33476e-05
1.65000e+02 -1.72603e-04 -4.25941e-04 -2.40486e-05
1.66000e+02 -1.72603e-04 -4.25941e-04 -1.15807e-05
1.67000e+02 -1.72603e-04 -4.25941e-04 -6.65719e-06
1.68000e+02 -1.72603e-04 -4.25941e-04 -7.96739e-06
1.69000e+02 -1.72603e-04 -4.25941e-04 -1.08571e-05
1.70000e+02 -1.72603e-04 -4.25941e-04 -2.26083e-05
1.71000e+02 -1.72603e-04 -4.25941e-04 -1.01788e-05
1.72000e+02 -1.72603e-04 -4.25941e-04 6.67959e-06
1.73000e+02 -1.72603e-04 -4.25941e-04 2.05339e-05
1.74000e+02 -1.72603e-04 -4.25941e-04 1.63353e-06
1.75000e+02 -1.72603e-04 -4.25941e-04 -3.21162e-08
1.76000e+02 -1.72603e-04 -4.25941e-04 -2.91114e-07
1.77000e+02 -1.72603e-04 -4.25941e-04 -1.35934e-08
1.78000e+02 -1.72603e-04 -4.25941e-04 8.73078e-06
1.79000e+02 -1.72603e-04 -4.25941e-04 -3.22860e-06
1.80000e+02 -1.72603e-04 -4.25941e-04 -1.17967e-07
1.81000e+02 -1.72603e-04 -4.25941e-04 3.63477e-21
1.82000e+02 -1.72603e-04 -4.25941e-04 1.17967e-07
1.83000e+02 -1.72603e-04 -4.25941e-04 3.22860e-06
1.84000e+02 -1.72603e-04 -4.25941e-04 -8.73078e-06
1.85000e+02 -1.72603e-04 -4.25941e-04 1.35934e-08
1.86000e+02 -1.72603e-04 -4.25941e-04 2.91114e-07
1.87000e+02 -1.72603e-04 -4.25941e-04 3.21162e-08
1.88000e+02 -1.72603e-04 -4.25941e-04 -1.63353e-06
1.89000e+02 -1.72603e-04 -4.25941e-04 -2.05339e-05
1.90000e+02 -1.72603e-04 -4.25941e-04 -6.67959e-06
1.91000e+02 -1.72603e-04 -4.25941e-04 1.01788e-05
1.92000e+02 -1.72603e-04 -4.25941e-04 2.26083e-05
1.93000e+02 -1.72603e-04 -4.25941e-04 1.08571e-05
1.94000e+02 -1.72603e-04 -4.25941e-04 7.96739e-06
1.95000e+02 -1.72603e-04 -4.25941e-04 6.65719e-06
1.96000e+02 -1.72603e-04 -4.25941e-04 1.15807e-05
1.97000e+02 -1.72603e-04 -4.25941e-04 2.40486e-05
1.98000e+02 -2.07258e-04 -5.11462e-04 -2.38746e-05
1.99000e+02 -2.07258e-04 -5.11462e-04 -1.29469e-05
2.00000e+02 -2.07258e-04 -5.11462e-04 -7.31357e-06
2.01000e+02 -2.07258e-04 -5.11462e-04 -8.70157e-06
2.02000e+02 -2.07258e-04 -5.11462e-04 -1.18034e-05
2.03000e+02 -2.07258e-04 -5.11462e-04 -2.10215e-05
2.04000e+02 -2.07258e-04 -5.11462e-04 -1.01051e-05
2.05000e+02 -2.07258e-04 -5.11462e-04 3.08070e-06
2.06000e+02 -2.07258e-04 -5.11462e-04 1.68456e-05
2.07000e+02 -2.07258e-04 -5.11462e-04 1.66653e-06
2.08000e+02 -2.07258e-04 -5.11462e-04 -5.62739e-08
2.09000e+02 -2.07258e-04 -5.11462e-04 -3.44733e-07
2.10000e+02 -2.07258e-04 -5.11462e-04 -2.38184e-08
2.11000e+02 -2.07258e-04 -5.11462e-04 9.41323e-06
2.12000e+02 -2.07258e-04 -5.11462e-04 -3.52611e-06
2.13000e+02 -2.07258e-04 -5.11462e-04 -1.39695e-07
2.14000e+02 -2.07258e-04 -5.11462e-04 6.10460e-22
2.15000e+02 -2.07258e-04 -5.11462e-04 1.39695e-07
2.16000e+02 -2.07258e-04 -5.11462e-04 3.52611e-06
2.17000e+02 -2.07258e-04 -5.11462e-04 -9.41323e-06
2.18000e+02 -2.07258e-04 -5.11462e-04 2.38184e-08
2.19000e+02 -2.07258e-04 -5.11462e-04 3.44733e-07
2.20000e+02 -2.07258e-04 -5.11462e-04 5.62739e-08
2.21000e+02 -2.07258e-04 -5.11462e-04 -1.66653e-06
2.22000e+02 -2.07258e-04 -5.11462e-04 -1.68456e-05
2.23000e+02 -2.07258e-04 -5.11462e-04 -3.08070e-06
2.24000e+02 -2.07258e-04 -5.11462e-04 1.01051e-05
2.25000e+02 -2.07258e-04 -5.11462e-04 2.10215e-05
2.26000e+02 -2.07258e-04 -5.11462e-04 1.18034e-05
2.27000e+02 -2.07258e-04 -5.11462e-04 8.70157e-06
2.28000e+02 -2.07258e-04 -5.11462e-04 7.31357e-06
2.29000e+02 -2.07258e-04 -5.11462e-04 1.29469e-05
2.30000e+02 -2.07258e-04 -5.11462e-04 2.38746e-05
2.31000e+02 -2.36733e-04 -5.84200e-04 -2.30270e-05
2.32000e+02 -2.36733e-04 -5.84200e-04 -1.39479e-05
2.33000e+02 -2.36733e-04 -5.84200e-04 -7.77617e-06
2.34000e+02 -2.36733e-04 -5.84200e-04 -9.20057e-06
2.35000e+02 -2.36733e-04 -5.84200e-04 -1.24255e-05
2.36000e+02 -2.36733e-04 -5.84200e-04 -1.88025e-05
2.37000e+02 -2.36733e-04 -5.84200e-04 -9.74635e-06
2.38000e+02 -2.36733e-04 -5.84200e-04 -6.45700e-07
2.39000e+02 -2.36733e-04 -5.84200e-04 1.26256e-05
2.40000e+02 -2.36733e-04 -5.84200e-04 1.64361e-06
2.41000e+02 -2.36733e-04 -5.84200e-04 -8.03342e-08
2.42000e+02 -2.36733e-04 -5.84200e-04 -3.91051e-07
2.43000e+02 -2.36733e-04 -5.84200e-04 -3.40021e-08
2.44000e+02 -2.36733e-04 -5.84200e-04 9.82988e-06
2.45000e+02 -2.36733e-04 -5.84200e-04 -3.72832e-06
2.46000e+02 -2.36733e-04 -5.84200e-04 -1.58464e-07
2.47000e+02 -2.36733e-04 -5.84200e-04 -3.04648e-22
2.48000e+02 -2.36733e-04 -5.84200e-04 1.58464e-07
2.49000e+02 -2.36733e-04 -5.84200e-04 3.72832e-06
2.50000e+02 -2.36733e-04 -5.84200e-04 -9.82988e-06
2.51000e+02 -2.36733e-04 -5.84200e-04 3.40021e-08
2.52000e+02 -2.36733e-04 -5.84200e-04 3.91051e-07
2.53000e+02 -2.36733e-04 -5.84200e-04 8.03342e-08
2.54000e+02 -2.36733e-04 -5.84200e-04 -1.64361e-06
2.55000e+02 -2.36733e-04 -5.84200e-04 -1.26256e-05
2.56000e+02 -2.36733e-04 -5.84200e-04 6.45700e-07
2.57000e+02 -2.36733e-04 -5.84200e-04 9.74635e-06
2.58000e+02 -2.36733e-04 -5.84200e-04 1.88025e-05
2.59000e+02 -2.36733e-04 -5.84200e-04 1.24255e-05
2.60000e+02 -2.36733e-04 -5.84200e-04 9.20057e-06
2.61000e+02 -2.36733e-04 -5.84200e-04 7.77617e-06
2.62000e+02 -2.36733e-04 -5.84200e-04 1.39479e-05
2.63000e+02 -2.36733e-04 -5.84200e-04 2.30270e-05
2.64000e+02 -2.60338e-04 -6.42450e-04 -2.17183e-05
2.65000e+02 -2.60338e-04 -6.42450e-04 -1.46673e-05
2.66000e+02 -2.60338e-04 -6.42450e-04 -8.07547e-06
2.67000e+02 -2.60338e-04 -6.42450e-04 -9.50791e-06
2.68000e+02 -2.60338e-04 -6.42450e-04 -1.27907e-05
2.69000e+02 -2.60338e-04 -6.42450e-04 -1.62437e-05
2.70000e+02 -2.60338e-04 -6.42450e-04 -9.19244e-06
2.71000e+02 -2.60338e-04 -6.42450e-04 -4.31794e-06
2.72000e+02 -2.60338e-04 -6.42450e-04 8.20800e-06
2.73000e+02 -2.60338e-04 -6.42450e-04 1.59029e-06
2.74000e+02 -2.60338e-04 -6.42450e-04 -1.01272e-07
2.75000e+02 -2.60338e-04 -6.42450e-04 -4.27846e-07
2.76000e+02 -2.60338e-04 -6.42450e-04 -4.28642e-08
2.77000e+02 -2.60338e-04 -6.42450e-04 1.00458e-05
2.78000e+02 -2.60338e-04 -6.42450e-04 -3.85286e-06
2.79000e+02 -2.60338e-04 -6.42450e-04 -1.73375e-07
2.80000e+02 -2.60338e-04 -6.42450e-04 3.26856e-22
2.81000e+02 -2.60338e-04 -6.42450e-04 1.73375e-07
2.82000e+02 -2.60338e-04 -6.42450e-04 3.85286e-06
2.83000e+02 -2.60338e-04 -6.42450e-04 -1.00458e-05
2.84000e+02 -2.60338e-04 -6.42450e-04 4.28642e-08
2.85000e+02 -2.60338e-04 -6.42450e-04 4.27846e-07
2.86000e+02 -2.60338e-04 -6.42450e-04 1.01272e-07
2.87000e+02 -2.60338e-04 -6.42450e-04 -1.59029e-06
2.88000e+02 -2.60338e-04 -6.42450e-04 -8.20800e-06
2.89000e+02 -2.60338e-04 -6.42450e-04 4.31794e-06
2.90000e+02 -2.60338e-04 -6.42450e-04 9.19244e-06
2.91000e+02 -2.60338e-04 -6.42450e-04 1.62437e-05
2.92000e+02 -2.60338e-04 -6.42450e-04 1.27907e-05
2.93000e+02 -2.60338e-04 -6.42450e-04 9.50791e-06
2.94000e+02 -2.60338e-04 -6.42450e-04 8.07547e-06
2.95000e+02 -2.60338e-04 -6.42450e-04 1.46673e-05
2.96000e+02 -2.60338e-04 -6.42450e-04 2.17183e-05
2.97000e+02 -2.77796e-04 -6.85533e-04 -2.01476e-05
2.98000e+02 -2.77796e-04 -6.85533e-04 -1.51542e-05
2.99000e+02 -2.77796e-04 -6.85533e-04 -8.24581e-06
3.00000e+02 -2.77796e-04 -6.85533e-04 -9.67147e-06
3.01000e+02 -2.77796e-04 -6.85533e-04 -1.29713e-05
3.02000e+02 -2.77796e-04 -6.85533e-04 -1.35051e-05
3.03000e+02 -2.77796e-04 -6.85533e-04 -8.52765e-06
3.04000e+02 -2.77796e-04 -6.85533e-04 -7.84160e-06
3.05000e+02 -2.77796e-04 -6.85533e-04 3.77193e-06
3.06000e+02 -2.77796e-04 -6.85533e-04 1.53176e-06
3.07000e+02 -2.77796e-04 -6.85533e-04 -1.16460e-07
3.08000e+02 -2.77796e-04 -6.85533e-04 -4.53284e-07
3.09000e+02 -2.77796e-04 -6.85533e-04 -4.92926e-08
3.10000e+02 -2.77796e-04 -6.85533e-04 1.01295e-05
3.11000e+02 -2.77796e-04 -6.85533e-04 -3.91914e-06
3.12000e+02 -2.77796e-04 -6.85533e-04 -1.83683e-07
3.13000e+02 -2.77796e-04 -6.85533e-04 -3.19005e-21
3.14000e+02 -2.77796e-04 -6.85533e-04 1.83683e-07
3.15000e+02 -2.77796e-04 -6.85533e-04 3.91914e-06
3.16000e+02 -2.77796e-04 -6.85533e-04 -1.01295e-05
3.17000e+02 -2.77796e-04 -6.85533e-04 4.92926e-08
3.18000e+02 -2.77796e-04 -6.85533e-04 4.53284e-07
3.19000e+02 -2.77796e-04 -6.85533e-04 1.16460e-07
3.20000e+02 -2.77796e-04 -6.85533e-04 -1.53176e-06
3.21000e+02 -2.77796e-04 -6.85533e-04 -3.77193e-06
3.22000e+02 -2.77796e-04 -6.85533e-04 7.84160e-06
3.23000e+02 -2.77796e-04 -6.85533e-04 8.52765e-06
3.24000e+02 -2.77796e-04 -6.85533e-04 1.35051e-05
3.25000e+02 -2.77796e-04 -6.85533e-04 1.29713e-05
3.26000e+02 -2.77796e-04 -6.85533e-04 9.67147e-06
3.27000e+02 -2.77796e-04 -6.85533e-04 8.24581e-06
3.28000e+02 -2.77796e-04 -6.85533e-04 1.51542e-05
3.29000e+02 -2.77796e-04 -6.85533e-04 2.01476e-05
3.30000e+02 -2.90189e-04 -7.16116e-04 -1.89841e-05
3.31000e+02 -2.90189e-04 -7.16116e-04 -1.54453e-05
3.32000e+02 -2.90189e-04 -7.16116e-04 -8.31743e-06
3.33000e+02 -2.90189e-04 -7.16116e-04 -9.73526e-06
3.34000e+02 -2.90189e-04 -7.16116e-04 -1.30367e-05
3.35000e+02 -2.90189e-04 -7.16116e-04 -1.16424e-05
3.36000e+02 -2.90189e-04 -7.16116e-04 -8.03518e-06
3.37000e+02 -2.90189e-04 -7.16116e-04 -1.01806e-05
3.38000e+02 -2.90189e-04 -7.16116e-04 7.96016e-07
3.39000e+02 -2.90189e-04 -7.16116e-04 1.49637e-06
3.40000e+02 -2.90189e-04 -7.16116e-04 -1.21918e-07
3.41000e+02 -2.90189e-04 -7.16116e-04 -4.64820e-07
3.42000e+02 -2.90189e-04 -7.16116e-04 -5.16027e-08
3.43000e+02 -2.90189e-04 -7.16116e-04 1.01496e-05
3.44000e+02 -2.90189e-04 -7.16116e-04 -3.94499e-06
3.45000e+02 -2.90189e-04 -7.16116e-04 -1.88358e-07
3.46000e+02 -2.90189e-04 -7.16116e-04 -3.27591e-21
3.47000e+02 -2.90189e-04 -7.16116e-04 1.88358e-07
3.48000e+02 -2.90189e-04 -7.16116e-04 3.94499e-06
3.49000e+02 -2.90189e-04 -7.16116e-04 -1.01496e-05
3.50000e+02 -2.90189e-04 -7.16116e-04 5.16027e-08
3.51000e+02 -2.90189e-04 -7.16116e-04 4.64820e-07
3.52000e+02 -2.90189e-04 -7.16116e-04 1.21918e-07
3.53000e+02 -2.90189e-04 -7.16116e-04 -1.49637e-06
3.54000e+02 -2.90189e-04 -7.16116e-04 -7.96016e-07
3.55000e+02 -2.90189e-04 -7.16116e-04 1.01806e-05
3.56000e+02 -2.90189e-04 -7.16116e-04 8.03518e-06
3.57000e+02 -2.90189e-04 -7.16116e-04 1.16424e-05
3.58000e+02 -2.90189e-04 -7.16116e-04 1.30367e-05
3.59000e+02 -2.90189e-04 -7.16116e-04 9.73526e-06
3.60000e+02 -2.90189e-04 -7.16116e-04 8.31743e-06
3.61000e+02 -2.90189e-04 -7.16116e-04 1.54453e-05
3.62000e+02 -2.90189e-04 -7.16116e-04 1.89841e-05
1.00000e+03 -1.72216e-05 -4.24988e-05 0.00000e+00
1.00100e+03 -5.21534e-05 -1.28702e-04 0.00000e+00
1.00200e+03 -9.28471e-05 -2.29124e-04 0.00000e+00
1.00300e+03 -1.33909e-04 -3.30453e-04 0.00000e+00
1.00400e+03 -1.72603e-04 -4.25941e-04 0.00000e+00
1.00500e+03 -2.07258e-04 -5.11462e-04 0.00000e+00
1.00600e+03 -2.36733e-04 -5.84200e-04 0.00000e+00
1.00700e+03 -2.60338e-04 -6.42450e-04 0.00000e+00
1.00800e+03 -2.77796e-04 -6.85533e-04 0.00000e+00
1.00900e+03 -2.90189e-04 -7.16116e-04 0.00000e+00
