0.00000e+00 0.00000e+00 0.00000e+00 0.00000e+00
1.00000e+00 0.00000e+00 0.00000e+00 0.00000e+00
2.00000e+00 0.00000e+00 0.00000e+00 0.00000e+00
3.00000e+00 0.00000e+00 0.00000e+00 0.00000e+00
4.00000e+00 0.00000e+00 0.00000e+00 0.00000e+00
5.00000e+00 0.00000e+00 0.00000e+00 0.00000e+00
6.00000e+00 0.00000e+00 0.00000e+00 0.00000e+00
7.00000e+00 0.00000e+00 0.00000e+00 0.00000e+00
8.00000e+00 0.00000e+00 0.00000e+00 0.00000e+00
9.00000e+00 0.00000e+00 0.00000e+00 0.00000e+00
1.00000e+01 0.00000e+00 0.00000e+00 0.00000e+00
1.10000e+01 0.00000e+00 0.00000e+00 0.00000e+00
1.20000e+01 0.00000e+00 0.00000e+00 0.00000e+00
1.30000e+01 0.00000e+00 0.00000e+00 0.00000e+00
1.40000e+01 0.00000e+00 0.00000e+00 0.00000e+00
1.50000e+01 0.00000e+00 0.00000e+00 0.00000e+00
1.60000e+01 0.00000e+00 0.00000e+00 0.00000e+00
1.70000e+01 0.00000e+00 0.00000e+00 0.00000e+00
1.80000e+01 0.00000e+00 0.00000e+00 0.00000e+00
1.90000e+01 0.00000e+00 0.00000e+00 0.00000e+00
2.00000e+01 0.00000e+00 0.00000e+00 0.00000e+00
2.10000e+01 0.00000e+00 0.00000e+00 0.00000e+00
2.20000e+01 0.00000e+00 0.00000e+00 0.00000e+00
2.30000e+01 0.00000e+00 0.00000e+00 0.00000e+00
2.40000e+01 0.00000e+00 0.00000e+00 0.00000e+00
2.50000e+01 0.00000e+00 0.00000e+00 0.00000e+00
2.60000e+01 0.00000e+00 0.00000e+00 0.00000e+00
2.70000e+01 0.00000e+00 0.00000e+00 0.00000e+00
2.80000e+01 0.00000e+00 0.00000e+00 0.00000e+00
2.90000e+01 0.00000e+00 0.00000e+00 0.00000e+00
3.00000e+01 0.00000e+00 0.00000e+00 0.00000e+00
3.10000e+01 0.00000e+00 0.00000e+00 0.00000e+00
3.20000e+01 0.00000e+00 0.00000e+00 0.00000e+00
3.30000e+01 4.65436e-05 -4.65436e-05 -7.96768e-18
3.40000e+01 4.65436e-05 -4.18892e-05 -2.55555e-05
3.50000e+01 4.65436e-05 -2.32718e-05 -3.43611e-06
3.60000e+01 4.65436e-05 2.58857e-18 -2.85889e-19
3.70000e+01 4.65436e-05 2.32718e-05 3.43611e-06
3.80000e+01 4.65436e-05 4.18892e-05 2.55555e-05
3.90000e+01 4.65436e-05 4.65436e-05 -3.32399e-18
4.00000e+01 4.18892e-05 -4.65436e-05 2.55555e-05
4.10000e+01 4.18892e-05 4.65436e-05 -2.55555e-05
4.20000e+01 2.32718e-05 -4.65436e-05 3.43611e-06
4.30000e+01 2.32718e-05 -2.32718e-05 -1.60078e-19
4.40000e+01 2.32718e-05 2.58857e-18 -2.65399e-20
4.50000e+01 2.32718e-05 2.32718e-05 -8.08455e-20
4.60000e+01 2.32718e-05 4.65436e-05 -3.43611e-06
4.70000e+01 1.57148e-17 -4.65436e-05 4.24192e-19
4.80000e+01 1.57148e-17 -2.32718e-05 7.07975e-22
4.90000e+01 1.57148e-17 2.58857e-18 -1.54995e-21
5.00000e+01 1.57148e-17 2.32718e-05 -1.37543e-20
5.10000e+01 1.57148e-17 4.65436e-05 -4.84331e-19
5.20000e+01 -2.32718e-05 -4.65436e-05 -3.43611e-06
5.30000e+01 -2.32718e-05 -2.32718e-05 2.13307e-20
5.40000e+01 -2.32718e-05 2.58857e-18 1.38609e-20
5.50000e+01 -2.32718e-05 2.32718e-05 4.02346e-20
5.60000e+01 -2.32718e-05 4.65436e-05 3.43611e-06
5.70000e+01 -4.18892e-05 -4.65436e-05 -2.55555e-05
5.80000e+01 -4.18892e-05 4.65436e-05 2.55555e-05
5.90000e+01 -4.65436e-05 -4.65436e-05 2.40834e-18
6.00000e+01 -4.65436e-05 -4.18892e-05 2.55555e-05
6.10000e+01 -4.65436e-05 -2.32718e-05 3.43611e-06
6.20000e+01 -4.65436e-05 2.58857e-18 2.22361e-19
6.30000e+01 -4.65436e-05 2.32718e-05 -3.43611e-06
6.40000e+01 -4.65436e-05 4.18892e-05 -2.55555e-05
6.50000e+01 -4.65436e-05 4.65436e-05 2.39421e-18
6.60000e+01 1.44190e-04 -1.44190e-04 -1.98943e-17
6.70000e+01 1.44190e-04 -1.29771e-04 -3.69531e-05
6.80000e+01 1.44190e-04 -7.20948e-05 -6.51886e-06
6.90000e+01 1.44190e-04 -2.29036e-18 -5.68653e-19
7.00000e+01 1.44190e-04 7.20948e-05 6.51886e-06
7.10000e+01 1.44190e-04 1.29771e-04 3.69531e-05
7.20000e+01 1.44190e-04 1.44190e-04 -7.14672e-18
7.30000e+01 1.29771e-04 -1.44190e-04 3.69531e-05
7.40000e+01 1.29771e-04 1.44190e-04 -3.69531e-05
7.50000e+01 7.20948e-05 -1.44190e-04 6.51886e-06
7.60000e+01 7.20948e-05 -7.20948e-05 -3.13061e-19
7.70000e+01 7.20948e-05 -2.29036e-18 -5.24172e-20
7.80000e+01 7.20948e-05 7.20948e-05 -1.62053e-19
7.90000e+01 7.20948e-05 1.44190e-04 -6.51886e-06
8.00000e+01 4.72128e-17 -1.44190e-04 7.64627e-19
8.10000e+01 4.72128e-17 -7.20948e-05 4.24379e-21
8.20000e+01 4.72128e-17 -2.29036e-18 -3.10361e-21
8.30000e+01 4.72128e-17 7.20948e-05 -2.98467e-20
8.40000e+01 4.72128e-17 1.44190e-04 -8.84482e-19
8.50000e+01 -7.20948e-05 -1.44190e-04 -6.51886e-06
8.60000e+01 -7.20948e-05 -7.20948e-05 4.46846e-20
8.70000e+01 -7.20948e-05 -2.29036e-18 2.73239e-20
8.80000e+01 -7.20948e-05 7.20948e-05 7.61102e-20
8.90000e+01 -7.20948e-05 1.44190e-04 6.51886e-06
9.00000e+01 -1.29771e-04 -1.44190e-04 -3.69531e-05
9.10000e+01 -1.29771e-04 1.44190e-04 3.69531e-05
9.20000e+01 -1.44190e-04 -1.44190e-04 4.63950e-18
9.30000e+01 -1.44190e-04 -1.29771e-04 3.69531e-05
9.40000e+01 -1.44190e-04 -7.20948e-05 6.51886e-06
9.50000e+01 -1.44190e-04 -2.29036e-18 4.43292e-19
9.60000e+01 -1.44190e-04 7.20948e-05 -6.51886e-06
9.70000e+01 -1.44190e-04 1.29771e-04 -3.69531e-05
9.80000e+01 -1.44190e-04 1.44190e-04 7.53103e-18
9.90000e+01 2.62290e-04 -2.62290e-04 -2.86879e-17
1.00000e+02 2.62290e-04 -2.36061e-04 -4.07730e-05
1.01000e+02 2.62290e-04 -1.31145e-04 -9.10624e-06
1.02000e+02 2.62290e-04 -3.41789e-18 -8.30688e-19
1.03000e+02 2.62290e-04 1.31145e-04 9.10624e-06
1.04000e+02 2.62290e-04 2.36061e-04 4.07730e-05
1.05000e+02 2.62290e-04 2.62290e-04 -1.31172e-17
1.06000e+02 2.36061e-04 -2.62290e-04 4.07730e-05
1.07000e+02 2.36061e-04 2.62290e-04 -4.07730e-05
1.08000e+02 1.31145e-04 -2.62290e-04 9.10624e-06
1.09000e+02 1.31145e-04 -1.31145e-04 -4.56719e-19
1.10000e+02 1.31145e-04 -3.41789e-18 -7.80413e-20
1.11000e+02 1.31145e-04 1.31145e-04 -2.43007e-19
1.12000e+02 1.31145e-04 2.62290e-04 -9.10624e-06
1.13000e+02 6.90676e-17 -2.62290e-04 1.01652e-18
1.14000e+02 6.90676e-17 -1.31145e-04 9.98062e-21
1.15000e+02 6.90676e-17 -3.41789e-18 -4.68992e-21
1.16000e+02 6.90676e-17 1.31145e-04 -4.75412e-20
1.17000e+02 6.90676e-17 2.62290e-04 -1.19101e-18
1.18000e+02 -1.31145e-04 -2.62290e-04 -9.10624e-06
1.19000e+02 -1.31145e-04 -1.31145e-04 7.01670e-20
1.20000e+02 -1.31145e-04 -3.41789e-18 4.07718e-20
1.21000e+02 -1.31145e-04 1.31145e-04 1.07898e-19
1.22000e+02 -1.31145e-04 2.62290e-04 9.10624e-06
1.23000e+02 -2.36061e-04 -2.62290e-04 -4.07730e-05
1.24000e+02 -2.36061e-04 2.62290e-04 4.07730e-05
1.25000e+02 -2.62290e-04 -2.62290e-04 2.12779e-18
1.26000e+02 -2.62290e-04 -2.36061e-04 4.07730e-05
1.27000e+02 -2.62290e-04 -1.31145e-04 9.10624e-06
1.28000e+02 -2.62290e-04 -3.41789e-18 6.47729e-19
1.29000e+02 -2.62290e-04 1.31145e-04 -9.10624e-06
1.30000e+02 -2.62290e-04 2.36061e-04 -4.07730e-05
1.31000e+02 -2.62290e-04 2.62290e-04 8.81654e-18
1.32000e+02 3.84492e-04 -3.84492e-04 -2.93763e-17
1.33000e+02 3.84492e-04 -3.46042e-04 -4.05346e-05
1.34000e+02 3.84492e-04 -1.92246e-04 -1.11626e-05
1.35000e+02 3.84492e-04 5.00428e-18 -1.10568e-18
1.36000e+02 3.84492e-04 1.92246e-04 1.11626e-05
1.37000e+02 3.84492e-04 3.46042e-04 4.05346e-05
1.38000e+02 3.84492e-04 3.84492e-04 -2.66825e-17
1.39000e+02 3.46042e-04 -3.84492e-04 4.05346e-05
1.40000e+02 3.46042e-04 3.84492e-04 -4.05346e-05
1.41000e+02 1.92246e-04 -3.84492e-04 1.11626e-05
1.42000e+02 1.92246e-04 -1.92246e-04 -5.88874e-19
1.43000e+02 1.92246e-04 5.00428e-18 -1.00827e-19
1.44000e+02 1.92246e-04 1.92246e-04 -3.17082e-19
1.45000e+02 1.92246e-04 3.84492e-04 -1.11626e-05
1.46000e+02 7.90847e-17 -3.84492e-04 1.22721e-18
1.47000e+02 7.90847e-17 -1.92246e-04 1.57462e-20
1.48000e+02 7.90847e-17 5.00428e-18 -5.94411e-21
1.49000e+02 7.90847e-17 1.92246e-04 -6.38153e-20
1.50000e+02 7.90847e-17 3.84492e-04 -1.45337e-18
1.51000e+02 -1.92246e-04 -3.84492e-04 -1.11626e-05
1.52000e+02 -1.92246e-04 -1.92246e-04 9.32063e-20
1.53000e+02 -1.92246e-04 5.00428e-18 5.21755e-20
1.54000e+02 -1.92246e-04 1.92246e-04 1.35442e-19
1.55000e+02 -1.92246e-04 3.84492e-04 1.11626e-05
1.56000e+02 -3.46042e-04 -3.84492e-04 -4.05346e-05
1.57000e+02 -3.46042e-04 3.84492e-04 4.05346e-05
1.58000e+02 -3.84492e-04 -3.84492e-04 8.16803e-18
1.59000e+02 -3.84492e-04 -3.46042e-04 4.05346e-05
1.60000e+02 -3.84492e-04 -1.92246e-04 1.11626e-05
1.61000e+02 -3.84492e-04 5.00428e-18 8.68516e-19
1.62000e+02 -3.84492e-04 1.92246e-04 -1.11626e-05
1.63000e+02 -3.84492e-04 3.46042e-04 -4.05346e-05
1.64000e+02 -3.84492e-04 3.84492e-04 9.65742e-18
1.65000e+02 5.01451e-04 -5.01451e-04 -3.35259e-17
1.66000e+02 5.01451e-04 -4.51306e-04 -3.78055e-05
1.67000e+02 5.01451e-04 -2.50726e-04 -1.27081e-05
1.68000e+02 5.01451e-04 4.25363e-18 -1.38971e-18
1.69000e+02 5.01451e-04 2.50726e-04 1.27081e-05
1.70000e+02 5.01451e-04 4.51306e-04 3.78055e-05
1.71000e+02 5.01451e-04 5.01451e-04 -3.54517e-17
1.72000e+02 4.51306e-04 -5.01451e-04 3.78055e-05
1.73000e+02 4.51306e-04 5.01451e-04 -3.78055e-05
1.74000e+02 2.50726e-04 -5.01451e-04 1.27081e-05
1.75000e+02 2.50726e-04 -2.50726e-04 -7.06466e-19
1.76000e+02 2.50726e-04 4.25363e-18 -1.19585e-19
1.77000e+02 2.50726e-04 2.50726e-04 -3.81623e-19
1.78000e+02 2.50726e-04 5.01451e-04 -1.27081e-05
1.79000e+02 9.10941e-17 -5.01451e-04 1.41530e-18
1.80000e+02 9.10941e-17 -2.50726e-04 2.03291e-20
1.81000e+02 9.10941e-17 4.25363e-18 -6.90439e-21
1.82000e+02 9.10941e-17 2.50726e-04 -7.83641e-20
1.83000e+02 9.10941e-17 5.01451e-04 -1.68085e-18
1.84000e+02 -2.50726e-04 -5.01451e-04 -1.27081e-05
1.85000e+02 -2.50726e-04 -2.50726e-04 1.12098e-19
1.86000e+02 -2.50726e-04 4.25363e-18 6.09283e-20
1.87000e+02 -2.50726e-04 2.50726e-04 1.58125e-19
1.88000e+02 -2.50726e-04 5.01451e-04 1.27081e-05
1.89000e+02 -4.51306e-04 -5.01451e-04 -3.78055e-05
1.90000e+02 -4.51306e-04 5.01451e-04 3.78055e-05
1.91000e+02 -5.01451e-04 -5.01451e-04 1.02778e-17
1.92000e+02 -5.01451e-04 -4.51306e-04 3.78055e-05
1.93000e+02 -5.01451e-04 -2.50726e-04 1.27081e-05
1.94000e+02 -5.01451e-04 4.25363e-18 1.10511e-18
1.95000e+02 -5.01451e-04 2.50726e-04 -1.27081e-05
1.96000e+02 -5.01451e-04 4.51306e-04 -3.78055e-05
1.97000e+02 -5.01451e-04 5.01451e-04 9.78524e-18
1.98000e+02 6.07268e-04 -6.07268e-04 -4.39061e-17
1.99000e+02 6.07268e-04 -5.46541e-04 -3.34579e-05
2.00000e+02 6.07268e-04 -3.03634e-04 -1.37958e-05
2.01000e+02 6.07268e-04 -7.77957e-18 -1.64896e-18
2.02000e+02 6.07268e-04 3.03634e-04 1.37958e-05
2.03000e+02 6.07268e-04 5.46541e-04 3.34579e-05
2.04000e+02 6.07268e-04 6.07268e-04 -3.58387e-17
2.05000e+02 5.46541e-04 -6.07268e-04 3.34579e-05
2.06000e+02 5.46541e-04 6.07268e-04 -3.34579e-05
2.07000e+02 3.03634e-04 -6.07268e-04 1.37958e-05
2.08000e+02 3.03634e-04 -3.03634e-04 -8.07760e-19
2.09000e+02 3.03634e-04 -7.77957e-18 -1.35778e-19
2.10000e+02 3.03634e-04 3.03634e-04 -4.37233e-19
2.11000e+02 3.03634e-04 6.07268e-04 -1.37958e-05
2.12000e+02 1.04606e-16 -6.07268e-04 1.57158e-18
2.13000e+02 1.04606e-16 -3.03634e-04 2.46213e-20
2.14000e+02 1.04606e-16 -7.77957e-18 -7.86641e-21
2.15000e+02 1.04606e-16 3.03634e-04 -9.11398e-20
2.16000e+02 1.04606e-16 6.07268e-04 -1.87397e-18
2.17000e+02 -3.03634e-04 -6.07268e-04 -1.37958e-05
2.18000e+02 -3.03634e-04 -3.03634e-04 1.29032e-19
2.19000e+02 -3.03634e-04 -7.77957e-18 6.83857e-20
2.20000e+02 -3.03634e-04 3.03634e-04 1.77283e-19
2.21000e+02 -3.03634e-04 6.07268e-04 1.37958e-05
2.22000e+02 -5.46541e-04 -6.07268e-04 -3.34579e-05
2.23000e+02 -5.46541e-04 6.07268e-04 3.34579e-05
2.24000e+02 -6.07268e-04 -6.07268e-04 1.39937e-17
2.25000e+02 -6.07268e-04 -5.46541e-04 3.34579e-05
2.26000e+02 -6.07268e-04 -3.03634e-04 1.37958e-05
2.27000e+02 -6.07268e-04 -7.77957e-18 1.32200e-18
2.28000e+02 -6.07268e-04 3.03634e-04 -1.37958e-05
2.29000e+02 -6.07268e-04 5.46541e-04 -3.34579e-05
2.30000e+02 -6.07268e-04 6.07268e-04 1.10413e-17
2.31000e+02 6.98084e-04 -6.98084e-04 -5.26892e-17
2.32000e+02 6.98084e-04 -6.28276e-04 -2.80469e-05
2.33000e+02 6.98084e-04 -3.49042e-04 -1.44986e-05
2.34000e+02 6.98084e-04 -2.14303e-17 -1.85399e-18
2.35000e+02 6.98084e-04 3.49042e-04 1.44986e-05
2.36000e+02 6.98084e-04 6.28276e-04 2.80469e-05
2.37000e+02 6.98084e-04 6.98084e-04 -3.19921e-17
2.38000e+02 6.28276e-04 -6.98084e-04 2.80469e-05
2.39000e+02 6.28276e-04 6.98084e-04 -2.80469e-05
2.40000e+02 3.49042e-04 -6.98084e-04 1.44986e-05
2.41000e+02 3.49042e-04 -3.49042e-04 -8.92386e-19
2.42000e+02 3.49042e-04 -2.14303e-17 -1.49138e-19
2.43000e+02 3.49042e-04 3.49042e-04 -4.82699e-19
2.44000e+02 3.49042e-04 6.98084e-04 -1.44986e-05
2.45000e+02 1.19552e-16 -6.98084e-04 1.68354e-18
2.46000e+02 1.19552e-16 -3.49042e-04 2.85493e-20
2.47000e+02 1.19552e-16 -2.14303e-17 -8.80502e-21
2.48000e+02 1.19552e-16 3.49042e-04 -1.01738e-19
2.49000e+02 1.19552e-16 6.98084e-04 -2.02658e-18
2.50000e+02 -3.49042e-04 -6.98084e-04 -1.44986e-05
2.51000e+02 -3.49042e-04 -3.49042e-04 1.42814e-19
2.52000e+02 -3.49042e-04 -2.14303e-17 7.45460e-20
2.53000e+02 -3.49042e-04 3.49042e-04 1.92525e-19
2.54000e+02 -3.49042e-04 6.98084e-04 1.44986e-05
2.55000e+02 -6.28276e-04 -6.98084e-04 -2.80469e-05
2.56000e+02 -6.28276e-04 6.98084e-04 2.80469e-05
2.57000e+02 -6.98084e-04 -6.98084e-04 1.41316e-17
2.58000e+02 -6.98084e-04 -6.28276e-04 2.80469e-05
2.59000e+02 -6.98084e-04 -3.49042e-04 1.44986e-05
2.60000e+02 -6.98084e-04 -2.14303e-17 1.49315e-18
2.61000e+02 -6.98084e-04 3.49042e-04 -1.44986e-05
2.62000e+02 -6.98084e-04 6.28276e-04 -2.80469e-05
2.63000e+02 -6.98084e-04 6.98084e-04 9.98859e-18
2.64000e+02 7.71778e-04 -7.71778e-04 -5.27432e-17
2.65000e+02 7.71778e-04 -6.94600e-04 -2.21736e-05
2.66000e+02 7.71778e-04 -3.85889e-04 -1.49023e-05
2.67000e+02 7.71778e-04 -4.00471e-17 -2.00054e-18
2.68000e+02 7.71778e-04 3.85889e-04 1.49023e-05
2.69000e+02 7.71778e-04 6.94600e-04 2.21736e-05
2.70000e+02 7.71778e-04 7.71778e-04 -3.00770e-17
2.71000e+02 6.94600e-04 -7.71778e-04 2.21736e-05
2.72000e+02 6.94600e-04 7.71778e-04 -2.21736e-05
2.73000e+02 3.85889e-04 -7.71778e-04 1.49023e-05
2.74000e+02 3.85889e-04 -3.85889e-04 -9.56521e-19
2.75000e+02 3.85889e-04 -4.00471e-17 -1.59220e-19
2.76000e+02 3.85889e-04 3.85889e-04 -5.18020e-19
2.77000e+02 3.85889e-04 7.71778e-04 -1.49023e-05
2.78000e+02 1.38026e-16 -7.71778e-04 1.75504e-18
2.79000e+02 1.38026e-16 -3.85889e-04 3.21719e-20
2.80000e+02 1.38026e-16 -4.00471e-17 -9.51733e-21
2.81000e+02 1.38026e-16 3.85889e-04 -1.10205e-19
2.82000e+02 1.38026e-16 7.71778e-04 -2.12350e-18
2.83000e+02 -3.85889e-04 -7.71778e-04 -1.49023e-05
2.84000e+02 -3.85889e-04 -3.85889e-04 1.54233e-19
2.85000e+02 -3.85889e-04 -4.00471e-17 7.93869e-20
2.86000e+02 -3.85889e-04 3.85889e-04 2.03681e-19
2.87000e+02 -3.85889e-04 7.71778e-04 1.49023e-05
2.88000e+02 -6.94600e-04 -7.71778e-04 -2.21736e-05
2.89000e+02 -6.94600e-04 7.71778e-04 2.21736e-05
2.90000e+02 -7.71778e-04 -7.71778e-04 1.57299e-17
2.91000e+02 -7.71778e-04 -6.94600e-04 2.21736e-05
2.92000e+02 -7.71778e-04 -3.85889e-04 1.49023e-05
2.93000e+02 -7.71778e-04 -4.00471e-17 1.61430e-18
2.94000e+02 -7.71778e-04 3.85889e-04 -1.49023e-05
2.95000e+02 -7.71778e-04 6.94600e-04 -2.21736e-05
2.96000e+02 -7.71778e-04 7.71778e-04 9.51401e-18
2.97000e+02 8.28045e-04 -8.28045e-04 -5.40477e-17
2.98000e+02 8.28045e-04 -7.45241e-04 -1.64352e-05
2.99000e+02 8.28045e-04 -4.14023e-04 -1.50969e-05
3.00000e+02 8.28045e-04 -5.45068e-17 -2.08302e-18
3.01000e+02 8.28045e-04 4.14023e-04 1.50969e-05
3.02000e+02 8.28045e-04 7.45241e-04 1.64352e-05
3.03000e+02 8.28045e-04 8.28045e-04 -2.70839e-17
3.04000e+02 7.45241e-04 -8.28045e-04 1.64352e-05
3.05000e+02 7.45241e-04 8.28045e-04 -1.64352e-05
3.06000e+02 4.14023e-04 -8.28045e-04 1.50969e-05
3.07000e+02 4.14023e-04 -4.14023e-04 -9.99528e-19
3.08000e+02 4.14023e-04 -5.45068e-17 -1.66144e-19
3.09000e+02 4.14023e-04 4.14023e-04 -5.43109e-19
3.10000e+02 4.14023e-04 8.28045e-04 -1.50969e-05
3.11000e+02 1.51958e-16 -8.28045e-04 1.78374e-18
3.12000e+02 1.51958e-16 -4.14023e-04 3.54664e-20
3.13000e+02 1.51958e-16 -5.45068e-17 -9.91275e-21
3.14000e+02 1.51958e-16 4.14023e-04 -1.16570e-19
3.15000e+02 1.51958e-16 8.28045e-04 -2.16914e-18
3.16000e+02 -4.14023e-04 -8.28045e-04 -1.50969e-05
3.17000e+02 -4.14023e-04 -4.14023e-04 1.63128e-19
3.18000e+02 -4.14023e-04 -5.45068e-17 8.29227e-20
3.19000e+02 -4.14023e-04 4.14023e-04 2.10729e-19
3.20000e+02 -4.14023e-04 8.28045e-04 1.50969e-05
3.21000e+02 -7.45241e-04 -8.28045e-04 -1.64352e-05
3.22000e+02 -7.45241e-04 8.28045e-04 1.64352e-05
3.23000e+02 -8.28045e-04 -8.28045e-04 1.48307e-17
3.24000e+02 -8.28045e-04 -7.45241e-04 1.64352e-05
3.25000e+02 -8.28045e-04 -4.14023e-04 1.50969e-05
3.26000e+02 -8.28045e-04 -5.45068e-17 1.68153e-18
3.27000e+02 -8.28045e-04 4.14023e-04 -1.50969e-05
3.28000e+02 -8.28045e-04 7.45241e-04 -1.64352e-05
3.29000e+02 -8.28045e-04 8.28045e-04 9.16854e-18
3.30000e+02 8.70774e-04 -8.70774e-04 -5.48656e-17
3.31000e+02 8.70774e-04 -7.83697e-04 -1.28231e-05
3.32000e+02 8.70774e-04 -4.35387e-04 -1.51682e-05
3.33000e+02 8.70774e-04 -6.51430e-17 -2.11108e-18
3.34000e+02 8.70774e-04 4.35387e-04 1.51682e-05
3.35000e+02 8.70774e-04 7.83697e-04 1.28231e-05
3.36000e+02 8.70774e-04 8.70774e-04 -2.66357e-17
3.37000e+02 7.83697e-04 -8.70774e-04 1.28231e-05
3.38000e+02 7.83697e-04 8.70774e-04 -1.28231e-05
3.39000e+02 4.35387e-04 -8.70774e-04 1.51682e-05
3.40000e+02 4.35387e-04 -4.35387e-04 -1.01988e-18
3.41000e+02 4.35387e-04 -6.51430e-17 -1.68530e-19
3.42000e+02 4.35387e-04 4.35387e-04 -5.54673e-19
3.43000e+02 4.35387e-04 8.70774e-04 -1.51682e-05
3.44000e+02 1.58546e-16 -8.70774e-04 1.79196e-18
3.45000e+02 1.58546e-16 -4.35387e-04 3.69698e-20
3.46000e+02 1.58546e-16 -6.51430e-17 -9.98905e-21
3.47000e+02 1.58546e-16 4.35387e-04 -1.19688e-19
3.48000e+02 1.58546e-16 8.70774e-04 -2.18160e-18
3.49000e+02 -4.35387e-04 -8.70774e-04 -1.51682e-05
3.50000e+02 -4.35387e-04 -4.35387e-04 1.66613e-19
3.51000e+02 -4.35387e-04 -6.51430e-17 8.41440e-20
3.52000e+02 -4.35387e-04 4.35387e-04 2.13721e-19
3.53000e+02 -4.35387e-04 8.70774e-04 1.51682e-05
3.54000e+02 -7.83697e-04 -8.70774e-04 -1.28231e-05
3.55000e+02 -7.83697e-04 8.70774e-04 1.28231e-05
3.56000e+02 -8.70774e-04 -8.70774e-04 1.53363e-17
3.57000e+02 -8.70774e-04 -7.83697e-04 1.28231e-05
3.58000e+02 -8.70774e-04 -4.35387e-04 1.51682e-05
3.59000e+02 -8.70774e-04 -6.51430e-17 1.70450e-18
3.60000e+02 -8.70774e-04 4.35387e-04 -1.51682e-05
3.61000e+02 -8.70774e-04 7.83697e-04 -1.28231e-05
3.62000e+02 -8.70774e-04 8.70774e-04 9.73569e-18
1.00000e+03 1.57148e-17 2.58857e-18 0.00000e+00
1.00100e+03 4.72128e-17 -2.29036e-18 0.00000e+00
1.00200e+03 6.90676e-17 -3.41789e-18 0.00000e+00
1.00300e+03 7.90847e-17 5.00428e-18 0.00000e+00
1.00400e+03 9.10941e-17 4.25363e-18 0.00000e+00
1.00500e+03 1.04606e-16 -7.77957e-18 0.00000e+00
1.00600e+03 1.19552e-16 -2.14303e-17 0.00000e+00
1.00700e+03 1.38026e-16 -4.00471e-17 0.00000e+00
1.00800e+03 1.51958e-16 -5.45068e-17 0.00000e+00
1.00900e+03 1.58546e-16 -6.51430e-17 0.00000e+00
