0.00000e+00 0.00000e+00 0.00000e+00 0.00000e+00
1.00000e+00 0.00000e+00 0.00000e+00 0.00000e+00
2.00000e+00 0.00000e+00 0.00000e+00 0.00000e+00
3.00000e+00 0.00000e+00 0.00000e+00 0.00000e+00
4.00000e+00 0.00000e+00 0.00000e+00 0.00000e+00
5.00000e+00 0.00000e+00 0.00000e+00 0.00000e+00
6.00000e+00 0.00000e+00 0.00000e+00 0.00000e+00
7.00000e+00 0.00000e+00 0.00000e+00 0.00000e+00
8.00000e+00 0.00000e+00 0.00000e+00 0.00000e+00
9.00000e+00 0.00000e+00 0.00000e+00 0.00000e+00
1.00000e+01 0.00000e+00 0.00000e+00 0.00000e+00
1.10000e+01 0.00000e+00 0.00000e+00 0.00000e+00
1.20000e+01 0.00000e+00 0.00000e+00 0.00000e+00
1.30000e+01 0.00000e+00 0.00000e+00 0.00000e+00
1.40000e+01 0.00000e+00 0.00000e+00 0.00000e+00
1.50000e+01 0.00000e+00 0.00000e+00 0.00000e+00
1.60000e+01 0.00000e+00 0.00000e+00 0.00000e+00
1.70000e+01 0.00000e+00 0.00000e+00 0.00000e+00
1.80000e+01 0.00000e+00 0.00000e+00 0.00000e+00
1.90000e+01 0.00000e+00 0.00000e+00 0.00000e+00
2.00000e+01 0.00000e+00 0.00000e+00 0.00000e+00
2.10000e+01 0.00000e+00 0.00000e+00 0.00000e+00
2.20000e+01 0.00000e+00 0.00000e+00 0.00000e+00
2.30000e+01 0.00000e+00 0.00000e+00 0.00000e+00
2.40000e+01 0.00000e+00 0.00000e+00 0.00000e+00
2.50000e+01 0.00000e+00 0.00000e+00 0.00000e+00
2.60000e+01 0.00000e+00 0.00000e+00 0.00000e+00
2.70000e+01 0.00000e+00 0.00000e+00 0.00000e+00
2.80000e+01 0.00000e+00 0.00000e+00 0.00000e+00
2.90000e+01 0.00000e+00 0.00000e+00 0.00000e+00
3.00000e+01 0.00000e+00 0.00000e+00 0.00000e+00
3.10000e+01 0.00000e+00 0.00000e+00 0.00000e+00
3.20000e+01 0.00000e+00 0.00000e+00 0.00000e+00
3.30000e+01 1.23050e-06 -2.70725e-04 -4.04545e-05
3.40000e+01 1.23050e-06 -2.70725e-04 -3.98330e-05
3.50000e+01 1.23050e-06 -2.70725e-04 -3.11224e-06
3.60000e+01 1.23050e-06 -2.70725e-04 -2.84495e-06
3.70000e+01 1.23050e-06 -2.70725e-04 -3.09535e-06
3.80000e+01 1.23050e-06 -2.70725e-04 -3.88565e-05
3.90000e+01 1.23050e-06 -2.70725e-04 -4.08239e-05
4.00000e+01 1.23050e-06 -2.70725e-04 1.07595e-04
4.10000e+01 1.23050e-06 -2.70725e-04 1.07237e-04
4.20000e+01 1.23050e-06 -2.70725e-04 1.87181e-06
4.30000e+01 1.23050e-06 -2.70725e-04 1.27462e-09
4.40000e+01 1.23050e-06 -2.70725e-04 -1.04070e-07
4.50000e+01 1.23050e-06 -2.70725e-04 1.28626e-09
4.60000e+01 1.23050e-06 -2.70725e-04 1.84360e-06
4.70000e+01 1.23050e-06 -2.70725e-04 1.29309e-08
4.80000e+01 1.23050e-06 -2.70725e-04 4.73021e-10
4.90000e+01 1.23050e-06 -2.70725e-04 -1.76107e-20
5.00000e+01 1.23050e-06 -2.70725e-04 -4.73021e-10
5.10000e+01 1.23050e-06 -2.70725e-04 -1.29309e-08
5.20000e+01 1.23050e-06 -2.70725e-04 -1.84360e-06
5.30000e+01 1.23050e-06 -2.70725e-04 -1.28626e-09
5.40000e+01 1.23050e-06 -2.70725e-04 1.04070e-07
5.50000e+01 1.23050e-06 -2.70725e-04 -1.27462e-09
5.60000e+01 1.23050e-06 -2.70725e-04 -1.87181e-06
5.70000e+01 1.23050e-06 -2.70725e-04 -1.07237e-04
5.80000e+01 1.23050e-06 -2.70725e-04 -1.07595e-04
5.90000e+01 1.23050e-06 -2.70725e-04 4.08239e-05
6.00000e+01 1.23050e-06 -2.70725e-04 3.88565e-05
6.10000e+01 1.23050e-06 -2.70725e-04 3.09535e-06
6.20000e+01 1.23050e-06 -2.70725e-04 2.84495e-06
6.30000e+01 1.23050e-06 -2.70725e-04 3.11224e-06
6.40000e+01 1.23050e-06 -2.70725e-04 3.98330e-05
6.50000e+01 1.23050e-06 -2.70725e-04 4.04545e-05
6.60000e+01 2.89282e-06 -6.36455e-04 -3.04780e-05
6.70000e+01 2.89282e-06 -6.36455e-04 -3.09142e-05
6.80000e+01 2.89282e-06 -6.36455e-04 -4.82632e-06
6.90000e+01 2.89282e-06 -6.36455e-04 -4.44140e-06
7.00000e+01 2.89282e-06 -6.36455e-04 -4.80478e-06
7.10000e+01 2.89282e-06 -6.36455e-04 -3.02572e-05
7.20000e+01 2.89282e-06 -6.36455e-04 -3.07564e-05
7.30000e+01 2.89282e-06 -6.36455e-04 7.24083e-05
7.40000e+01 2.89282e-06 -6.36455e-04 7.21303e-05
7.50000e+01 2.89282e-06 -6.36455e-04 2.39110e-06
7.60000e+01 2.89282e-06 -6.36455e-04 -4.88236e-08
7.70000e+01 2.89282e-06 -6.36455e-04 -2.56870e-07
7.80000e+01 2.89282e-06 -6.36455e-04 -4.92695e-08
7.90000e+01 2.89282e-06 -6.36455e-04 2.34733e-06
8.00000e+01 2.89282e-06 -6.36455e-04 2.01871e-08
8.10000e+01 2.89282e-06 -6.36455e-04 1.16753e-09
8.20000e+01 2.89282e-06 -6.36455e-04 -1.81374e-20
8.30000e+01 2.89282e-06 -6.36455e-04 -1.16753e-09
8.40000e+01 2.89282e-06 -6.36455e-04 -2.01871e-08
8.50000e+01 2.89282e-06 -6.36455e-04 -2.34733e-06
8.60000e+01 2.89282e-06 -6.36455e-04 4.92695e-08
8.70000e+01 2.89282e-06 -6.36455e-04 2.56870e-07
8.80000e+01 2.89282e-06 -6.36455e-04 4.88236e-08
8.90000e+01 2.89282e-06 -6.36455e-04 -2.39110e-06
9.00000e+01 2.89282e-06 -6.36455e-04 -7.21303e-05
9.10000e+01 2.89282e-06 -6.36455e-04 -7.24083e-05
9.20000e+01 2.89282e-06 -6.36455e-04 3.07564e-05
9.30000e+01 2.89282e-06 -6.36455e-04 3.02572e-05
9.40000e+01 2.89282e-06 -6.36455e-04 4.80478e-06
9.50000e+01 2.89282e-06 -6.36455e-04 4.44140e-06
9.60000e+01 2.89282e-06 -6.36455e-04 4.82632e-06
9.70000e+01 2.89282e-06 -6.36455e-04 3.09142e-05
9.80000e+01 2.89282e-06 -6.36455e-04 3.04780e-05
9.90000e+01 3.20475e-06 -7.05084e-04 2.31763e-06
1.00000e+02 3.20475e-06 -7.05084e-04 2.62509e-06
1.01000e+02 3.20475e-06 -7.05084e-04 -5.64115e-06
1.02000e+02 3.20475e-06 -7.05084e-04 -5.24986e-06
1.03000e+02 3.20475e-06 -7.05084e-04 -5.62348e-06
1.04000e+02 3.20475e-06 -7.05084e-04 2.36617e-06
1.05000e+02 3.20475e-06 -7.05084e-04 2.33880e-06
1.06000e+02 3.20475e-06 -7.05084e-04 -2.84937e-05
1.07000e+02 3.20475e-06 -7.05084e-04 -2.84711e-05
1.08000e+02 3.20475e-06 -7.05084e-04 1.97004e-06
1.09000e+02 3.20475e-06 -7.05084e-04 -1.23351e-07
1.10000e+02 3.20475e-06 -7.05084e-04 -4.31323e-07
1.11000e+02 3.20475e-06 -7.05084e-04 -1.24477e-07
1.12000e+02 3.20475e-06 -7.05084e-04 1.91884e-06
1.13000e+02 3.20475e-06 -7.05084e-04 2.38617e-08
1.14000e+02 3.20475e-06 -7.05084e-04 1.96045e-09
1.15000e+02 3.20475e-06 -7.05084e-04 -2.48119e-20
1.16000e+02 3.20475e-06 -7.05084e-04 -1.96045e-09
1.17000e+02 3.20475e-06 -7.05084e-04 -2.38617e-08
1.18000e+02 3.20475e-06 -7.05084e-04 -1.91884e-06
1.19000e+02 3.20475e-06 -7.05084e-04 1.24477e-07
1.20000e+02 3.20475e-06 -7.05084e-04 4.31323e-07
1.21000e+02 3.20475e-06 -7.05084e-04 1.23351e-07
1.22000e+02 3.20475e-06 -7.05084e-04 -1.97004e-06
1.23000e+02 3.20475e-06 -7.05084e-04 2.84711e-05
1.24000e+02 3.20475e-06 -7.05084e-04 2.84937e-05
1.25000e+02 3.20475e-06 -7.05084e-04 -2.33880e-06
1.26000e+02 3.20475e-06 -7.05084e-04 -2.36617e-06
1.27000e+02 3.20475e-06 -7.05084e-04 5.62348e-06
1.28000e+02 3.20475e-06 -7.05084e-04 5.24986e-06
1.29000e+02 3.20475e-06 -7.05084e-04 5.64115e-06
1.30000e+02 3.20475e-06 -7.05084e-04 -2.62509e-06
1.31000e+02 3.20475e-06 -7.05084e-04 -2.31763e-06
1.32000e+02 1.75246e-06 -3.85561e-04 3.27625e-05
1.33000e+02 1.75246e-06 -3.85561e-04 3.29024e-05
1.34000e+02 1.75246e-06 -3.85561e-04 -6.91157e-06
1.35000e+02 1.75246e-06 -3.85561e-04 -6.47329e-06
1.36000e+02 1.75246e-06 -3.85561e-04 -6.89514e-06
1.37000e+02 1.75246e-06 -3.85561e-04 3.17833e-05
1.38000e+02 1.75246e-06 -3.85561e-04 3.30617e-05
1.39000e+02 1.75246e-06 -3.85561e-04 -1.23256e-04
1.40000e+02 1.75246e-06 -3.85561e-04 -1.22962e-04
1.41000e+02 1.75246e-06 -3.85561e-04 1.83842e-06
1.42000e+02 1.75246e-06 -3.85561e-04 -1.75701e-07
1.43000e+02 1.75246e-06 -3.85561e-04 -5.82334e-07
1.44000e+02 1.75246e-06 -3.85561e-04 -1.77305e-07
1.45000e+02 1.75246e-06 -3.85561e-04 1.77567e-06
1.46000e+02 1.75246e-06 -3.85561e-04 2.94225e-08
1.47000e+02 1.75246e-06 -3.85561e-04 2.64683e-09
1.48000e+02 1.75246e-06 -3.85561e-04 -1.81107e-20
1.49000e+02 1.75246e-06 -3.85561e-04 -2.64683e-09
1.50000e+02 1.75246e-06 -3.85561e-04 -2.94225e-08
1.51000e+02 1.75246e-06 -3.85561e-04 -1.77567e-06
1.52000e+02 1.75246e-06 -3.85561e-04 1.77305e-07
1.53000e+02 1.75246e-06 -3.85561e-04 5.82334e-07
1.54000e+02 1.75246e-06 -3.85561e-04 1.75701e-07
1.55000e+02 1.75246e-06 -3.85561e-04 -1.83842e-06
1.56000e+02 1.75246e-06 -3.85561e-04 1.22962e-04
1.57000e+02 1.75246e-06 -3.85561e-04 1.23256e-04
1.58000e+02 1.75246e-06 -3.85561e-04 -3.30617e-05
1.59000e+02 1.75246e-06 -3.85561e-04 -3.17833e-05
1.60000e+02 1.75246e-06 -3.85561e-04 6.89514e-06
1.61000e+02 1.75246e-06 -3.85561e-04 6.47329e-06
1.62000e+02 1.75246e-06 -3.85561e-04 6.91157e-06
1.63000e+02 1.75246e-06 -3.85561e-04 -3.29024e-05
1.64000e+02 1.75246e-06 -3.85561e-04 -3.27625e-05
1.65000e+02 -6.87395e-07 1.51235e-04 3.90173e-05
1.66000e+02 -6.87395e-07 1.51235e-04 3.94655e-05
1.67000e+02 -6.87395e-07 1.51235e-04 -9.81319e-06
1.68000e+02 -6.87395e-07 1.51235e-04 -9.15501e-06
1.69000e+02 -6.87395e-07 1.51235e-04 -9.78481e-06
1.70000e+02 -6.87395e-07 1.51235e-04 3.80713e-05
1.71000e+02 -6.87395e-07 1.51235e-04 3.93736e-05
1.72000e+02 -6.87395e-07 1.51235e-04 -1.53551e-04
1.73000e+02 -6.87395e-07 1.51235e-04 -1.53199e-04
1.74000e+02 -6.87395e-07 1.51235e-04 3.16724e-06
1.75000e+02 -6.87395e-07 1.51235e-04 -1.64034e-07
1.76000e+02 -6.87395e-07 1.51235e-04 -6.69166e-07
1.77000e+02 -6.87395e-07 1.51235e-04 -1.65532e-07
1.78000e+02 -6.87395e-07 1.51235e-04 3.07817e-06
1.79000e+02 -6.87395e-07 1.51235e-04 4.16114e-08
1.80000e+02 -6.87395e-07 1.51235e-04 3.04150e-09
1.81000e+02 -6.87395e-07 1.51235e-04 -3.41992e-20
1.82000e+02 -6.87395e-07 1.51235e-04 -3.04150e-09
1.83000e+02 -6.87395e-07 1.51235e-04 -4.16114e-08
1.84000e+02 -6.87395e-07 1.51235e-04 -3.07817e-06
1.85000e+02 -6.87395e-07 1.51235e-04 1.65532e-07
1.86000e+02 -6.87395e-07 1.51235e-04 6.69166e-07
1.87000e+02 -6.87395e-07 1.51235e-04 1.64034e-07
1.88000e+02 -6.87395e-07 1.51235e-04 -3.16724e-06
1.89000e+02 -6.87395e-07 1.51235e-04 1.53199e-04
1.90000e+02 -6.87395e-07 1.51235e-04 1.53551e-04
1.91000e+02 -6.87395e-07 1.51235e-04 -3.93736e-05
1.92000e+02 -6.87395e-07 1.51235e-04 -3.80713e-05
1.93000e+02 -6.87395e-07 1.51235e-04 9.78481e-06
1.94000e+02 -6.87395e-07 1.51235e-04 9.15501e-06
1.95000e+02 -6.87395e-07 1.51235e-04 9.81319e-06
1.96000e+02 -6.87395e-07 1.51235e-04 -3.94655e-05
1.97000e+02 -6.87395e-07 1.51235e-04 -3.90173e-05
1.98000e+02 -2.71149e-06 5.96560e-04 1.52714e-05
1.99000e+02 -2.71149e-06 5.96560e-04 1.54002e-05
2.00000e+02 -2.71149e-06 5.96560e-04 -1.46069e-05
2.01000e+02 -2.71149e-06 5.96560e-04 -1.35114e-05
2.02000e+02 -2.71149e-06 5.96560e-04 -1.45500e-05
2.03000e+02 -2.71149e-06 5.96560e-04 1.44702e-05
2.04000e+02 -2.71149e-06 5.96560e-04 1.54108e-05
2.05000e+02 -2.71149e-06 5.96560e-04 -1.02371e-04
2.06000e+02 -2.71149e-06 5.96560e-04 -1.02235e-04
2.07000e+02 -2.71149e-06 5.96560e-04 6.33539e-06
2.08000e+02 -2.71149e-06 5.96560e-04 -7.68602e-08
2.09000e+02 -2.71149e-06 5.96560e-04 -6.78782e-07
2.10000e+02 -2.71149e-06 5.96560e-04 -7.75621e-08
2.11000e+02 -2.71149e-06 5.96560e-04 6.20287e-06
2.12000e+02 -2.71149e-06 5.96560e-04 6.14120e-08
2.13000e+02 -2.71149e-06 5.96560e-04 3.08520e-09
2.14000e+02 -2.71149e-06 5.96560e-04 -6.83262e-20
2.15000e+02 -2.71149e-06 5.96560e-04 -3.08520e-09
2.16000e+02 -2.71149e-06 5.96560e-04 -6.14120e-08
2.17000e+02 -2.71149e-06 5.96560e-04 -6.20287e-06
2.18000e+02 -2.71149e-06 5.96560e-04 7.75621e-08
2.19000e+02 -2.71149e-06 5.96560e-04 6.78782e-07
2.20000e+02 -2.71149e-06 5.96560e-04 7.68602e-08
2.21000e+02 -2.71149e-06 5.96560e-04 -6.33539e-06
2.22000e+02 -2.71149e-06 5.96560e-04 1.02235e-04
2.23000e+02 -2.71149e-06 5.96560e-04 1.02371e-04
2.24000e+02 -2.71149e-06 5.96560e-04 -1.54108e-05
2.25000e+02 -2.71149e-06 5.96560e-04 -1.44702e-05
2.26000e+02 -2.71149e-06 5.96560e-04 1.45500e-05
2.27000e+02 -2.71149e-06 5.96560e-04 1.35114e-05
2.28000e+02 -2.71149e-06 5.96560e-04 1.46069e-05
2.29000e+02 -2.71149e-06 5.96560e-04 -1.54002e-05
2.30000e+02 -2.71149e-06 5.96560e-04 -1.52714e-05
2.31000e+02 -3.14197e-06 6.91270e-04 -2.71051e-05
2.32000e+02 -3.14197e-06 6.91270e-04 -2.70793e-05
2.33000e+02 -3.14197e-06 6.91270e-04 -2.04599e-05
2.34000e+02 -3.14197e-06 6.91270e-04 -1.87903e-05
2.35000e+02 -3.14197e-06 6.91270e-04 -2.03634e-05
2.36000e+02 -3.14197e-06 6.91270e-04 -2.70895e-05
2.37000e+02 -3.14197e-06 6.91270e-04 -2.73526e-05
2.38000e+02 -3.14197e-06 6.91270e-04 -1.00165e-06
2.39000e+02 -3.14197e-06 6.91270e-04 -1.24786e-06
2.40000e+02 -3.14197e-06 6.91270e-04 1.07098e-05
2.41000e+02 -3.14197e-06 6.91270e-04 6.19503e-08
2.42000e+02 -3.14197e-06 6.91270e-04 -6.30159e-07
2.43000e+02 -3.14197e-06 6.91270e-04 6.25161e-08
2.44000e+02 -3.14197e-06 6.91270e-04 1.05243e-05
2.45000e+02 -3.14197e-06 6.91270e-04 8.54060e-08
2.46000e+02 -3.14197e-06 6.91270e-04 2.86420e-09
2.47000e+02 -3.14197e-06 6.91270e-04 -5.00538e-20
2.48000e+02 -3.14197e-06 6.91270e-04 -2.86420e-09
2.49000e+02 -3.14197e-06 6.91270e-04 -8.54060e-08
2.50000e+02 -3.14197e-06 6.91270e-04 -1.05243e-05
2.51000e+02 -3.14197e-06 6.91270e-04 -6.25161e-08
2.52000e+02 -3.14197e-06 6.91270e-04 6.30159e-07
2.53000e+02 -3.14197e-06 6.91270e-04 -6.19503e-08
2.54000e+02 -3.14197e-06 6.91270e-04 -1.07098e-05
2.55000e+02 -3.14197e-06 6.91270e-04 1.24786e-06
2.56000e+02 -3.14197e-06 6.91270e-04 1.00165e-06
2.57000e+02 -3.14197e-06 6.91270e-04 2.73526e-05
2.58000e+02 -3.14197e-06 6.91270e-04 2.70895e-05
2.59000e+02 -3.14197e-06 6.91270e-04 2.03634e-05
2.60000e+02 -3.14197e-06 6.91270e-04 1.87903e-05
2.61000e+02 -3.14197e-06 6.91270e-04 2.04599e-05
2.62000e+02 -3.14197e-06 6.91270e-04 2.70793e-05
2.63000e+02 -3.14197e-06 6.91270e-04 2.71051e-05
2.64000e+02 -1.69288e-06 3.72455e-04 -6.63213e-05
2.65000e+02 -1.69288e-06 3.72455e-04 -6.67638e-05
2.66000e+02 -1.69288e-06 3.72455e-04 -2.59164e-05
2.67000e+02 -1.69288e-06 3.72455e-04 -2.36870e-05
2.68000e+02 -1.69288e-06 3.72455e-04 -2.57809e-05
2.69000e+02 -1.69288e-06 3.72455e-04 -6.59251e-05
2.70000e+02 -1.69288e-06 3.72455e-04 -6.69269e-05
2.71000e+02 -1.69288e-06 3.72455e-04 9.25619e-05
2.72000e+02 -1.69288e-06 3.72455e-04 9.19588e-05
2.73000e+02 -1.69288e-06 3.72455e-04 1.50237e-05
2.74000e+02 -1.69288e-06 3.72455e-04 2.08816e-07
2.75000e+02 -1.69288e-06 3.72455e-04 -5.59753e-07
2.76000e+02 -1.69288e-06 3.72455e-04 2.10723e-07
2.77000e+02 -1.69288e-06 3.72455e-04 1.47887e-05
2.78000e+02 -1.69288e-06 3.72455e-04 1.07663e-07
2.79000e+02 -1.69288e-06 3.72455e-04 2.54420e-09
2.80000e+02 -1.69288e-06 3.72455e-04 -1.25426e-20
2.81000e+02 -1.69288e-06 3.72455e-04 -2.54420e-09
2.82000e+02 -1.69288e-06 3.72455e-04 -1.07663e-07
2.83000e+02 -1.69288e-06 3.72455e-04 -1.47887e-05
2.84000e+02 -1.69288e-06 3.72455e-04 -2.10723e-07
2.85000e+02 -1.69288e-06 3.72455e-04 5.59753e-07
2.86000e+02 -1.69288e-06 3.72455e-04 -2.08816e-07
2.87000e+02 -1.69288e-06 3.72455e-04 -1.50237e-05
2.88000e+02 -1.69288e-06 3.72455e-04 -9.19588e-05
2.89000e+02 -1.69288e-06 3.72455e-04 -9.25619e-05
2.90000e+02 -1.69288e-06 3.72455e-04 6.69269e-05
2.91000e+02 -1.69288e-06 3.72455e-04 6.59251e-05
2.92000e+02 -1.69288e-06 3.72455e-04 2.57809e-05
2.93000e+02 -1.69288e-06 3.72455e-04 2.36870e-05
2.94000e+02 -1.69288e-06 3.72455e-04 2.59164e-05
2.95000e+02 -1.69288e-06 3.72455e-04 6.67638e-05
2.96000e+02 -1.69288e-06 3.72455e-04 6.63213e-05
2.97000e+02 8.76018e-07 -1.92734e-04 -8.25532e-05
2.98000e+02 8.76018e-07 -1.92734e-04 -8.28133e-05
2.99000e+02 8.76018e-07 -1.92734e-04 -2.97290e-05
3.00000e+02 8.76018e-07 -1.92734e-04 -2.70994e-05
3.01000e+02 8.76018e-07 -1.92734e-04 -2.95658e-05
3.02000e+02 8.76018e-07 -1.92734e-04 -8.16909e-05
3.03000e+02 8.76018e-07 -1.92734e-04 -8.33070e-05
3.04000e+02 8.76018e-07 -1.92734e-04 1.23851e-04
3.05000e+02 8.76018e-07 -1.92734e-04 1.23103e-04
3.06000e+02 8.76018e-07 -1.92734e-04 1.80895e-05
3.07000e+02 8.76018e-07 -1.92734e-04 3.22860e-07
3.08000e+02 8.76018e-07 -1.92734e-04 -5.01120e-07
3.09000e+02 8.76018e-07 -1.92734e-04 3.25808e-07
3.10000e+02 8.76018e-07 -1.92734e-04 1.78200e-05
3.11000e+02 8.76018e-07 -1.92734e-04 1.23172e-07
3.12000e+02 8.76018e-07 -1.92734e-04 2.27770e-09
3.13000e+02 8.76018e-07 -1.92734e-04 -2.58673e-20
3.14000e+02 8.76018e-07 -1.92734e-04 -2.27770e-09
3.15000e+02 8.76018e-07 -1.92734e-04 -1.23172e-07
3.16000e+02 8.76018e-07 -1.92734e-04 -1.78200e-05
3.17000e+02 8.76018e-07 -1.92734e-04 -3.25808e-07
3.18000e+02 8.76018e-07 -1.92734e-04 5.01120e-07
3.19000e+02 8.76018e-07 -1.92734e-04 -3.22860e-07
3.20000e+02 8.76018e-07 -1.92734e-04 -1.80895e-05
3.21000e+02 8.76018e-07 -1.92734e-04 -1.23103e-04
3.22000e+02 8.76018e-07 -1.92734e-04 -1.23851e-04
3.23000e+02 8.76018e-07 -1.92734e-04 8.33070e-05
3.24000e+02 8.76018e-07 -1.92734e-04 8.16909e-05
3.25000e+02 8.76018e-07 -1.92734e-04 2.95658e-05
3.26000e+02 8.76018e-07 -1.92734e-04 2.70994e-05
3.27000e+02 8.76018e-07 -1.92734e-04 2.97290e-05
3.28000e+02 8.76018e-07 -1.92734e-04 8.28133e-05
3.29000e+02 8.76018e-07 -1.92734e-04 8.25532e-05
3.30000e+02 3.48356e-06 -7.66425e-04 -7.77735e-05
3.31000e+02 3.48356e-06 -7.66425e-04 -7.91030e-05
3.32000e+02 3.48356e-06 -7.66425e-04 -3.14459e-05
3.33000e+02 3.48356e-06 -7.66425e-04 -2.86193e-05
3.34000e+02 3.48356e-06 -7.66425e-04 -3.12700e-05
3.35000e+02 3.48356e-06 -7.66425e-04 -7.81706e-05
3.36000e+02 3.48356e-06 -7.66425e-04 -7.84837e-05
3.37000e+02 3.48356e-06 -7.66425e-04 1.02919e-04
3.38000e+02 3.48356e-06 -7.66425e-04 1.02204e-04
3.39000e+02 3.48356e-06 -7.66425e-04 1.94999e-05
3.40000e+02 3.48356e-06 -7.66425e-04 4.10001e-07
3.41000e+02 3.48356e-06 -7.66425e-04 -4.43744e-07
3.42000e+02 3.48356e-06 -7.66425e-04 4.13745e-07
3.43000e+02 3.48356e-06 -7.66425e-04 1.92148e-05
3.44000e+02 3.48356e-06 -7.66425e-04 1.30081e-07
3.45000e+02 3.48356e-06 -7.66425e-04 2.01691e-09
3.46000e+02 3.48356e-06 -7.66425e-04 -6.17715e-20
3.47000e+02 3.48356e-06 -7.66425e-04 -2.01691e-09
3.48000e+02 3.48356e-06 -7.66425e-04 -1.30081e-07
3.49000e+02 3.48356e-06 -7.66425e-04 -1.92148e-05
3.50000e+02 3.48356e-06 -7.66425e-04 -4.13745e-07
3.51000e+02 3.48356e-06 -7.66425e-04 4.43744e-07
3.52000e+02 3.48356e-06 -7.66425e-04 -4.10001e-07
3.53000e+02 3.48356e-06 -7.66425e-04 -1.94999e-05
3.54000e+02 3.48356e-06 -7.66425e-04 -1.02204e-04
3.55000e+02 3.48356e-06 -7.66425e-04 -1.02919e-04
3.56000e+02 3.48356e-06 -7.66425e-04 7.84837e-05
3.57000e+02 3.48356e-06 -7.66425e-04 7.81706e-05
3.58000e+02 3.48356e-06 -7.66425e-04 3.12700e-05
3.59000e+02 3.48356e-06 -7.66425e-04 2.86193e-05
3.60000e+02 3.48356e-06 -7.66425e-04 3.14459e-05
3.61000e+02 3.48356e-06 -7.66425e-04 7.91030e-05
3.62000e+02 3.48356e-06 -7.66425e-04 7.77735e-05
1.00000e+03 1.23050e-06 -2.70725e-04 0.00000e+00
1.00100e+03 2.89282e-06 -6.36455e-04 0.00000e+00
1.00200e+03 3.20475e-06 -7.05084e-04 0.00000e+00
1.00300e+03 1.75246e-06 -3.85561e-04 0.00000e+00
1.00400e+03 -6.87395e-07 1.51235e-04 0.00000e+00
1.00500e+03 -2.71149e-06 5.96560e-04 0.00000e+00
1.00600e+03 -3.14197e-06 6.91270e-04 0.00000e+00
1.00700e+03 -1.69288e-06 3.72455e-04 0.00000e+00
1.00800e+03 8.76018e-07 -1.92734e-04 0.00000e+00
1.00900e+03 3.48356e-06 -7.66425e-04 0.00000e+00
