0.00000e+00 0.00000e+00 0.00000e+00 0.00000e+00
1.00000e+00 0.00000e+00 0.00000e+00 0.00000e+00
2.00000e+00 0.00000e+00 0.00000e+00 0.00000e+00
3.00000e+00 0.00000e+00 0.00000e+00 0.00000e+00
4.00000e+00 0.00000e+00 0.00000e+00 0.00000e+00
5.00000e+00 0.00000e+00 0.00000e+00 0.00000e+00
6.00000e+00 0.00000e+00 0.00000e+00 0.00000e+00
7.00000e+00 0.00000e+00 0.00000e+00 0.00000e+00
8.00000e+00 0.00000e+00 0.00000e+00 0.00000e+00
9.00000e+00 0.00000e+00 0.00000e+00 0.00000e+00
1.00000e+01 0.00000e+00 0.00000e+00 0.00000e+00
1.10000e+01 0.00000e+00 0.00000e+00 0.00000e+00
1.20000e+01 0.00000e+00 0.00000e+00 0.00000e+00
1.30000e+01 0.00000e+00 0.00000e+00 0.00000e+00
1.40000e+01 0.00000e+00 0.00000e+00 0.00000e+00
1.50000e+01 0.00000e+00 0.00000e+00 0.00000e+00
1.60000e+01 0.00000e+00 0.00000e+00 0.00000e+00
1.70000e+01 0.00000e+00 0.00000e+00 0.00000e+00
1.80000e+01 0.00000e+00 0.00000e+00 0.00000e+00
1.90000e+01 0.00000e+00 0.00000e+00 0.00000e+00
2.00000e+01 0.00000e+00 0.00000e+00 0.00000e+00
2.10000e+01 0.00000e+00 0.00000e+00 0.00000e+00
2.20000e+01 0.00000e+00 0.00000e+00 0.00000e+00
2.30000e+01 0.00000e+00 0.00000e+00 0.00000e+00
2.40000e+01 0.00000e+00 0.00000e+00 0.00000e+00
2.50000e+01 0.00000e+00 0.00000e+00 0.00000e+00
2.60000e+01 0.00000e+00 0.00000e+00 0.00000e+00
2.70000e+01 0.00000e+00 0.00000e+00 0.00000e+00
2.80000e+01 0.00000e+00 0.00000e+00 0.00000e+00
2.90000e+01 0.00000e+00 0.00000e+00 0.00000e+00
3.00000e+01 0.00000e+00 0.00000e+00 0.00000e+00
3.10000e+01 0.00000e+00 0.00000e+00 0.00000e+00
3.20000e+01 0.00000e+00 0.00000e+00 0.00000e+00
3.30000e+01 -2.86565e-04 2.86565e-04 4.79759e-17
3.40000e+01 -2.86565e-04 2.57908e-04 1.55582e-04
3.50000e+01 -2.86565e-04 1.43282e-04 4.47514e-06
3.60000e+01 -2.86565e-04 -5.45354e-17 3.21873e-20
3.70000e+01 -2.86565e-04 -1.43282e-04 -4.47514e-06
3.80000e+01 -2.86565e-04 -2.57908e-04 -1.55582e-04
3.90000e+01 -2.86565e-04 -2.86565e-04 -1.29849e-16
4.00000e+01 -2.57908e-04 2.86565e-04 -1.55582e-04
4.10000e+01 -2.57908e-04 -2.86565e-04 1.55582e-04
4.20000e+01 -1.43282e-04 2.86565e-04 -4.47514e-06
4.30000e+01 -1.43282e-04 1.43282e-04 1.25381e-18
4.40000e+01 -1.43282e-04 -5.45354e-17 -6.24422e-20
4.50000e+01 -1.43282e-04 -1.43282e-04 -2.26859e-18
4.60000e+01 -1.43282e-04 -2.86565e-04 4.47514e-06
4.70000e+01 -3.23634e-17 2.86565e-04 4.76456e-19
4.80000e+01 -3.23634e-17 1.43282e-04 1.15064e-19
4.90000e+01 -3.23634e-17 -5.45354e-17 -1.41003e-20
5.00000e+01 -3.23634e-17 -1.43282e-04 -1.73456e-19
5.10000e+01 -3.23634e-17 -2.86565e-04 -7.83082e-19
5.20000e+01 1.43282e-04 2.86565e-04 4.47514e-06
5.30000e+01 1.43282e-04 1.43282e-04 2.26631e-20
5.40000e+01 1.43282e-04 -5.45354e-17 -1.92171e-20
5.50000e+01 1.43282e-04 -1.43282e-04 1.21801e-19
5.60000e+01 1.43282e-04 -2.86565e-04 -4.47514e-06
5.70000e+01 2.57908e-04 2.86565e-04 1.55582e-04
5.80000e+01 2.57908e-04 -2.86565e-04 -1.55582e-04
5.90000e+01 2.86565e-04 2.86565e-04 8.65244e-18
6.00000e+01 2.86565e-04 2.57908e-04 -1.55582e-04
6.10000e+01 2.86565e-04 1.43282e-04 -4.47514e-06
6.20000e+01 2.86565e-04 -5.45354e-17 -3.30766e-19
6.30000e+01 2.86565e-04 -1.43282e-04 4.47514e-06
6.40000e+01 2.86565e-04 -2.57908e-04 1.55582e-04
6.50000e+01 2.86565e-04 -2.86565e-04 7.46744e-18
6.60000e+01 -6.89238e-04 6.89238e-04 1.23597e-16
6.70000e+01 -6.89238e-04 6.20314e-04 1.17264e-04
6.80000e+01 -6.89238e-04 3.44619e-04 6.70387e-06
6.90000e+01 -6.89238e-04 -6.92805e-17 2.33781e-19
7.00000e+01 -6.89238e-04 -3.44619e-04 -6.70387e-06
7.10000e+01 -6.89238e-04 -6.20314e-04 -1.17264e-04
7.20000e+01 -6.89238e-04 -6.89238e-04 -2.42656e-16
7.30000e+01 -6.20314e-04 6.89238e-04 -1.17264e-04
7.40000e+01 -6.20314e-04 -6.89238e-04 1.17264e-04
7.50000e+01 -3.44619e-04 6.89238e-04 -6.70387e-06
7.60000e+01 -3.44619e-04 3.44619e-04 2.46325e-18
7.70000e+01 -3.44619e-04 -6.92805e-17 -1.28431e-19
7.80000e+01 -3.44619e-04 -3.44619e-04 -4.48003e-18
7.90000e+01 -3.44619e-04 -6.89238e-04 6.70387e-06
8.00000e+01 -6.60279e-17 6.89238e-04 1.07065e-18
8.10000e+01 -6.60279e-17 3.44619e-04 2.13823e-19
8.20000e+01 -6.60279e-17 -6.92805e-17 -2.58057e-20
8.30000e+01 -6.60279e-17 -3.44619e-04 -3.49189e-19
8.40000e+01 -6.60279e-17 -6.89238e-04 -1.70931e-18
8.50000e+01 3.44619e-04 6.89238e-04 6.70387e-06
8.60000e+01 3.44619e-04 3.44619e-04 5.38076e-20
8.70000e+01 3.44619e-04 -6.92805e-17 -3.71106e-20
8.80000e+01 3.44619e-04 -3.44619e-04 2.49100e-19
8.90000e+01 3.44619e-04 -6.89238e-04 -6.70387e-06
9.00000e+01 6.20314e-04 6.89238e-04 1.17264e-04
9.10000e+01 6.20314e-04 -6.89238e-04 -1.17264e-04
9.20000e+01 6.89238e-04 6.89238e-04 1.03226e-17
9.30000e+01 6.89238e-04 6.20314e-04 -1.17264e-04
9.40000e+01 6.89238e-04 3.44619e-04 -6.70387e-06
9.50000e+01 6.89238e-04 -6.92805e-17 -8.35174e-19
9.60000e+01 6.89238e-04 -3.44619e-04 6.70387e-06
9.70000e+01 6.89238e-04 -6.20314e-04 1.17264e-04
9.80000e+01 6.89238e-04 -6.89238e-04 -8.84429e-18
9.90000e+01 -7.89407e-04 7.89407e-04 1.86076e-16
1.00000e+02 -7.89407e-04 7.10467e-04 -2.32656e-05
1.01000e+02 -7.89407e-04 3.94704e-04 7.28557e-06
1.02000e+02 -7.89407e-04 -1.34441e-17 3.84553e-19
1.03000e+02 -7.89407e-04 -3.94704e-04 -7.28557e-06
1.04000e+02 -7.89407e-04 -7.10467e-04 2.32656e-05
1.05000e+02 -7.89407e-04 -7.89407e-04 -3.47594e-16
1.06000e+02 -7.10467e-04 7.89407e-04 2.32656e-05
1.07000e+02 -7.10467e-04 -7.89407e-04 -2.32656e-05
1.08000e+02 -3.94704e-04 7.89407e-04 -7.28557e-06
1.09000e+02 -3.94704e-04 3.94704e-04 3.62437e-18
1.10000e+02 -3.94704e-04 -1.34441e-17 -1.93812e-19
1.11000e+02 -3.94704e-04 -3.94704e-04 -6.59093e-18
1.12000e+02 -3.94704e-04 -7.89407e-04 7.28557e-06
1.13000e+02 -4.75423e-17 7.89407e-04 1.71609e-18
1.14000e+02 -4.75423e-17 3.94704e-04 3.06467e-19
1.15000e+02 -4.75423e-17 -1.34441e-17 -3.95705e-20
1.16000e+02 -4.75423e-17 -3.94704e-04 -5.04938e-19
1.17000e+02 -4.75423e-17 -7.89407e-04 -2.57329e-18
1.18000e+02 3.94704e-04 7.89407e-04 7.28557e-06
1.19000e+02 3.94704e-04 3.94704e-04 7.83222e-20
1.20000e+02 3.94704e-04 -1.34441e-17 -4.50516e-20
1.21000e+02 3.94704e-04 -3.94704e-04 3.74905e-19
1.22000e+02 3.94704e-04 -7.89407e-04 -7.28557e-06
1.23000e+02 7.10467e-04 7.89407e-04 -2.32656e-05
1.24000e+02 7.10467e-04 -7.89407e-04 2.32656e-05
1.25000e+02 7.89407e-04 7.89407e-04 1.96537e-17
1.26000e+02 7.89407e-04 7.10467e-04 2.32656e-05
1.27000e+02 7.89407e-04 3.94704e-04 -7.28557e-06
1.28000e+02 7.89407e-04 -1.34441e-17 -1.26547e-18
1.29000e+02 7.89407e-04 -3.94704e-04 7.28557e-06
1.30000e+02 7.89407e-04 -7.10467e-04 -2.32656e-05
1.31000e+02 7.89407e-04 -7.89407e-04 -7.11508e-18
1.32000e+02 -4.67552e-04 4.67552e-04 2.46439e-16
1.33000e+02 -4.67552e-04 4.20797e-04 -1.61926e-04
1.34000e+02 -4.67552e-04 2.33776e-04 8.28964e-06
1.35000e+02 -4.67552e-04 7.35089e-17 2.72745e-19
1.36000e+02 -4.67552e-04 -2.33776e-04 -8.28964e-06
1.37000e+02 -4.67552e-04 -4.20797e-04 1.61926e-04
1.38000e+02 -4.67552e-04 -4.67552e-04 -4.49236e-16
1.39000e+02 -4.20797e-04 4.67552e-04 1.61926e-04
1.40000e+02 -4.20797e-04 -4.67552e-04 -1.61926e-04
1.41000e+02 -2.33776e-04 4.67552e-04 -8.28964e-06
1.42000e+02 -2.33776e-04 2.33776e-04 4.71821e-18
1.43000e+02 -2.33776e-04 7.35089e-17 -2.49239e-19
1.44000e+02 -2.33776e-04 -2.33776e-04 -8.55324e-18
1.45000e+02 -2.33776e-04 -4.67552e-04 8.28964e-06
1.46000e+02 -9.21572e-18 4.67552e-04 2.16840e-18
1.47000e+02 -9.21572e-18 2.33776e-04 3.92917e-19
1.48000e+02 -9.21572e-18 7.35089e-17 -4.66300e-20
1.49000e+02 -9.21572e-18 -2.33776e-04 -6.50098e-19
1.50000e+02 -9.21572e-18 -4.67552e-04 -3.34239e-18
1.51000e+02 2.33776e-04 4.67552e-04 8.28964e-06
1.52000e+02 2.33776e-04 2.33776e-04 1.01732e-19
1.53000e+02 2.33776e-04 7.35089e-17 -6.87155e-20
1.54000e+02 2.33776e-04 -2.33776e-04 4.72708e-19
1.55000e+02 2.33776e-04 -4.67552e-04 -8.28964e-06
1.56000e+02 4.20797e-04 4.67552e-04 -1.61926e-04
1.57000e+02 4.20797e-04 -4.67552e-04 1.61926e-04
1.58000e+02 4.67552e-04 4.67552e-04 2.48697e-17
1.59000e+02 4.67552e-04 4.20797e-04 1.61926e-04
1.60000e+02 4.67552e-04 2.33776e-04 -8.28964e-06
1.61000e+02 4.67552e-04 7.35089e-17 -1.43826e-18
1.62000e+02 4.67552e-04 -2.33776e-04 8.28964e-06
1.63000e+02 4.67552e-04 -4.20797e-04 -1.61926e-04
1.64000e+02 4.67552e-04 -4.67552e-04 2.45301e-18
1.65000e+02 1.11553e-04 -1.11553e-04 2.83004e-16
1.66000e+02 1.11553e-04 -1.00398e-04 -2.11173e-04
1.67000e+02 1.11553e-04 -5.57764e-05 1.17356e-05
1.68000e+02 1.11553e-04 7.96889e-17 1.01644e-20
1.69000e+02 1.11553e-04 5.57764e-05 -1.17356e-05
1.70000e+02 1.11553e-04 1.00398e-04 2.11173e-04
1.71000e+02 1.11553e-04 1.11553e-04 -5.37474e-16
1.72000e+02 1.00398e-04 -1.11553e-04 2.11173e-04
1.73000e+02 1.00398e-04 1.11553e-04 -2.11173e-04
1.74000e+02 5.57764e-05 -1.11553e-04 -1.17356e-05
1.75000e+02 5.57764e-05 -5.57764e-05 5.69717e-18
1.76000e+02 5.57764e-05 7.96889e-17 -2.94238e-19
1.77000e+02 5.57764e-05 5.57764e-05 -1.03049e-17
1.78000e+02 5.57764e-05 1.11553e-04 1.17356e-05
1.79000e+02 3.72966e-17 -1.11553e-04 2.45978e-18
1.80000e+02 3.72966e-17 -5.57764e-05 4.77515e-19
1.81000e+02 3.72966e-17 7.96889e-17 -5.87198e-20
1.82000e+02 3.72966e-17 5.57764e-05 -7.89223e-19
1.83000e+02 3.72966e-17 1.11553e-04 -3.83198e-18
1.84000e+02 -5.57764e-05 -1.11553e-04 1.17356e-05
1.85000e+02 -5.57764e-05 -5.57764e-05 1.14386e-19
1.86000e+02 -5.57764e-05 7.96889e-17 -8.33269e-20
1.87000e+02 -5.57764e-05 5.57764e-05 5.43067e-19
1.88000e+02 -5.57764e-05 1.11553e-04 -1.17356e-05
1.89000e+02 -1.00398e-04 -1.11553e-04 -2.11173e-04
1.90000e+02 -1.00398e-04 1.11553e-04 2.11173e-04
1.91000e+02 -1.11553e-04 -1.11553e-04 2.47639e-17
1.92000e+02 -1.11553e-04 -1.00398e-04 2.11173e-04
1.93000e+02 -1.11553e-04 -5.57764e-05 -1.17356e-05
1.94000e+02 -1.11553e-04 7.96889e-17 -1.44334e-18
1.95000e+02 -1.11553e-04 5.57764e-05 1.17356e-05
1.96000e+02 -1.11553e-04 1.00398e-04 -2.11173e-04
1.97000e+02 -1.11553e-04 1.11553e-04 1.58429e-17
1.98000e+02 6.20528e-04 -6.20528e-04 2.91982e-16
1.99000e+02 6.20528e-04 -5.58475e-04 -1.39665e-04
2.00000e+02 6.20528e-04 -3.10264e-04 1.83289e-05
2.01000e+02 6.20528e-04 -5.61075e-18 -5.75982e-20
2.02000e+02 6.20528e-04 3.10264e-04 -1.83289e-05
2.03000e+02 6.20528e-04 5.58475e-04 1.39665e-04
2.04000e+02 6.20528e-04 6.20528e-04 -5.76384e-16
2.05000e+02 5.58475e-04 -6.20528e-04 1.39665e-04
2.06000e+02 5.58475e-04 6.20528e-04 -1.39665e-04
2.07000e+02 3.10264e-04 -6.20528e-04 -1.83289e-05
2.08000e+02 3.10264e-04 -3.10264e-04 6.55834e-18
2.09000e+02 3.10264e-04 -5.61075e-18 -3.44954e-19
2.10000e+02 3.10264e-04 3.10264e-04 -1.18368e-17
2.11000e+02 3.10264e-04 6.20528e-04 1.83289e-05
2.12000e+02 6.37782e-17 -6.20528e-04 2.56820e-18
2.13000e+02 6.37782e-17 -3.10264e-04 5.65924e-19
2.14000e+02 6.37782e-17 -5.61075e-18 -7.94305e-20
2.15000e+02 6.37782e-17 3.10264e-04 -9.10137e-19
2.16000e+02 6.37782e-17 6.20528e-04 -4.18773e-18
2.17000e+02 -3.10264e-04 -6.20528e-04 1.83289e-05
2.18000e+02 -3.10264e-04 -3.10264e-04 1.32388e-19
2.19000e+02 -3.10264e-04 -5.61075e-18 -9.12678e-20
2.20000e+02 -3.10264e-04 3.10264e-04 6.09573e-19
2.21000e+02 -3.10264e-04 6.20528e-04 -1.83289e-05
2.22000e+02 -5.58475e-04 -6.20528e-04 -1.39665e-04
2.23000e+02 -5.58475e-04 6.20528e-04 1.39665e-04
2.24000e+02 -6.20528e-04 -6.20528e-04 2.47304e-17
2.25000e+02 -6.20528e-04 -5.58475e-04 1.39665e-04
2.26000e+02 -6.20528e-04 -3.10264e-04 -1.83289e-05
2.27000e+02 -6.20528e-04 -5.61075e-18 -1.58903e-18
2.28000e+02 -6.20528e-04 3.10264e-04 1.83289e-05
2.29000e+02 -6.20528e-04 5.58475e-04 -1.39665e-04
2.30000e+02 -6.20528e-04 6.20528e-04 3.61378e-17
2.31000e+02 7.65357e-04 -7.65357e-04 3.10583e-16
2.32000e+02 7.65357e-04 -6.88822e-04 1.33542e-05
2.33000e+02 7.65357e-04 -3.82679e-04 2.70251e-05
2.34000e+02 7.65357e-04 -8.44593e-17 2.33781e-19
2.35000e+02 7.65357e-04 3.82679e-04 -2.70251e-05
2.36000e+02 7.65357e-04 6.88822e-04 -1.33542e-05
2.37000e+02 7.65357e-04 7.65357e-04 -5.92439e-16
2.38000e+02 6.88822e-04 -7.65357e-04 -1.33542e-05
2.39000e+02 6.88822e-04 7.65357e-04 1.33542e-05
2.40000e+02 3.82679e-04 -7.65357e-04 -2.70251e-05
2.41000e+02 3.82679e-04 -3.82679e-04 7.23988e-18
2.42000e+02 3.82679e-04 -8.44593e-17 -3.99482e-19
2.43000e+02 3.82679e-04 3.82679e-04 -1.31077e-17
2.44000e+02 3.82679e-04 7.65357e-04 2.70251e-05
2.45000e+02 5.31259e-17 -7.65357e-04 2.56143e-18
2.46000e+02 5.31259e-17 -3.82679e-04 6.25640e-19
2.47000e+02 5.31259e-17 -8.44593e-17 -9.18489e-20
2.48000e+02 5.31259e-17 3.82679e-04 -1.01591e-18
2.49000e+02 5.31259e-17 7.65357e-04 -4.42151e-18
2.50000e+02 -3.82679e-04 -7.65357e-04 2.70251e-05
2.51000e+02 -3.82679e-04 -3.82679e-04 1.67970e-19
2.52000e+02 -3.82679e-04 -8.44593e-17 -8.68209e-20
2.53000e+02 -3.82679e-04 3.82679e-04 6.81160e-19
2.54000e+02 -3.82679e-04 7.65357e-04 -2.70251e-05
2.55000e+02 -6.88822e-04 -7.65357e-04 1.33542e-05
2.56000e+02 -6.88822e-04 7.65357e-04 -1.33542e-05
2.57000e+02 -7.65357e-04 -7.65357e-04 6.41924e-18
2.58000e+02 -7.65357e-04 -6.88822e-04 -1.33542e-05
2.59000e+02 -7.65357e-04 -3.82679e-04 -2.70251e-05
2.60000e+02 -7.65357e-04 -8.44593e-17 -2.04982e-18
2.61000e+02 -7.65357e-04 3.82679e-04 2.70251e-05
2.62000e+02 -7.65357e-04 6.88822e-04 1.33542e-05
2.63000e+02 -7.65357e-04 7.65357e-04 4.02171e-17
2.64000e+02 4.50725e-04 -4.50725e-04 3.33297e-16
2.65000e+02 4.50725e-04 -4.05652e-04 1.64690e-04
2.66000e+02 4.50725e-04 -2.25362e-04 3.56118e-05
2.67000e+02 4.50725e-04 -5.71375e-17 6.60686e-19
2.68000e+02 4.50725e-04 2.25362e-04 -3.56118e-05
2.69000e+02 4.50725e-04 4.05652e-04 -1.64690e-04
2.70000e+02 4.50725e-04 4.50725e-04 -5.99059e-16
2.71000e+02 4.05652e-04 -4.50725e-04 -1.64690e-04
2.72000e+02 4.05652e-04 4.50725e-04 1.64690e-04
2.73000e+02 2.25362e-04 -4.50725e-04 -3.56118e-05
2.74000e+02 2.25362e-04 -2.25362e-04 7.75477e-18
2.75000e+02 2.25362e-04 -5.71375e-17 -4.39610e-19
2.76000e+02 2.25362e-04 2.25362e-04 -1.40856e-17
2.77000e+02 2.25362e-04 4.50725e-04 3.56118e-05
2.78000e+02 -8.78204e-18 -4.50725e-04 2.70034e-18
2.79000e+02 -8.78204e-18 -2.25362e-04 6.58674e-19
2.80000e+02 -8.78204e-18 -5.71375e-17 -9.63732e-20
2.81000e+02 -8.78204e-18 2.25362e-04 -1.09204e-18
2.82000e+02 -8.78204e-18 4.50725e-04 -4.64174e-18
2.83000e+02 -2.25362e-04 -4.50725e-04 3.56118e-05
2.84000e+02 -2.25362e-04 -2.25362e-04 1.92982e-19
2.85000e+02 -2.25362e-04 -5.71375e-17 -6.20452e-20
2.86000e+02 -2.25362e-04 2.25362e-04 7.46845e-19
2.87000e+02 -2.25362e-04 4.50725e-04 -3.56118e-05
2.88000e+02 -4.05652e-04 -4.50725e-04 1.64690e-04
2.89000e+02 -4.05652e-04 4.50725e-04 -1.64690e-04
2.90000e+02 -4.50725e-04 -4.50725e-04 -2.49335e-17
2.91000e+02 -4.50725e-04 -4.05652e-04 -1.64690e-04
2.92000e+02 -4.50725e-04 -2.25362e-04 -3.56118e-05
2.93000e+02 -4.50725e-04 -5.71375e-17 -2.59192e-18
2.94000e+02 -4.50725e-04 2.25362e-04 3.56118e-05
2.95000e+02 -4.50725e-04 4.05652e-04 1.64690e-04
2.96000e+02 -4.50725e-04 4.50725e-04 3.84282e-17
2.97000e+02 -1.75189e-04 1.75189e-04 3.66677e-16
2.98000e+02 -1.75189e-04 1.57670e-04 2.35533e-04
2.99000e+02 -1.75189e-04 8.75944e-05 4.19352e-05
3.00000e+02 -1.75189e-04 -3.38813e-18 9.62229e-19
3.01000e+02 -1.75189e-04 -8.75944e-05 -4.19352e-05
3.02000e+02 -1.75189e-04 -1.57670e-04 -2.35533e-04
3.03000e+02 -1.75189e-04 -1.75189e-04 -6.20245e-16
3.04000e+02 -1.57670e-04 1.75189e-04 -2.35533e-04
3.05000e+02 -1.57670e-04 -1.75189e-04 2.35533e-04
3.06000e+02 -8.75944e-05 1.75189e-04 -4.19352e-05
3.07000e+02 -8.75944e-05 8.75944e-05 8.09726e-18
3.08000e+02 -8.75944e-05 -3.38813e-18 -4.72433e-19
3.09000e+02 -8.75944e-05 -8.75944e-05 -1.47398e-17
3.10000e+02 -8.75944e-05 -1.75189e-04 4.19352e-05
3.11000e+02 -4.68917e-17 1.75189e-04 2.93751e-18
3.12000e+02 -4.68917e-17 8.75944e-05 6.73179e-19
3.13000e+02 -4.68917e-17 -3.38813e-18 -1.10281e-19
3.14000e+02 -4.68917e-17 -8.75944e-05 -1.13185e-18
3.15000e+02 -4.68917e-17 -1.75189e-04 -4.92634e-18
3.16000e+02 8.75944e-05 1.75189e-04 4.19352e-05
3.17000e+02 8.75944e-05 8.75944e-05 2.08243e-19
3.18000e+02 8.75944e-05 -3.38813e-18 -4.71162e-20
3.19000e+02 8.75944e-05 -8.75944e-05 8.08546e-19
3.20000e+02 8.75944e-05 -1.75189e-04 -4.19352e-05
3.21000e+02 1.57670e-04 1.75189e-04 2.35533e-04
3.22000e+02 1.57670e-04 -1.75189e-04 -2.35533e-04
3.23000e+02 1.75189e-04 1.75189e-04 -3.14622e-17
3.24000e+02 1.75189e-04 1.57670e-04 -2.35533e-04
3.25000e+02 1.75189e-04 8.75944e-05 -4.19352e-05
3.26000e+02 1.75189e-04 -3.38813e-18 -2.97139e-18
3.27000e+02 1.75189e-04 -8.75944e-05 4.19352e-05
3.28000e+02 1.75189e-04 -1.57670e-04 2.35533e-04
3.29000e+02 1.75189e-04 -1.75189e-04 3.69171e-17
3.30000e+02 -8.72324e-04 8.72324e-04 3.80094e-16
3.31000e+02 -8.72324e-04 7.85091e-04 2.29226e-04
3.32000e+02 -8.72324e-04 4.36162e-04 4.49806e-05
3.33000e+02 -8.72324e-04 6.73832e-17 1.12825e-18
3.34000e+02 -8.72324e-04 -4.36162e-04 -4.49806e-05
3.35000e+02 -8.72324e-04 -7.85091e-04 -2.29226e-04
3.36000e+02 -8.72324e-04 -8.72324e-04 -6.21214e-16
3.37000e+02 -7.85091e-04 8.72324e-04 -2.29226e-04
3.38000e+02 -7.85091e-04 -8.72324e-04 2.29226e-04
3.39000e+02 -4.36162e-04 8.72324e-04 -4.49806e-05
3.40000e+02 -4.36162e-04 4.36162e-04 8.26164e-18
3.41000e+02 -4.36162e-04 6.73832e-17 -4.90114e-19
3.42000e+02 -4.36162e-04 -4.36162e-04 -1.50521e-17
3.43000e+02 -4.36162e-04 -8.72324e-04 4.49806e-05
3.44000e+02 -1.65883e-17 8.72324e-04 3.00527e-18
3.45000e+02 -1.65883e-17 4.36162e-04 6.73179e-19
3.46000e+02 -1.65883e-17 6.73832e-17 -1.17234e-19
3.47000e+02 -1.65883e-17 -4.36162e-04 -1.13725e-18
3.48000e+02 -1.65883e-17 -8.72324e-04 -5.09236e-18
3.49000e+02 4.36162e-04 8.72324e-04 4.49806e-05
3.50000e+02 4.36162e-04 4.36162e-04 2.17598e-19
3.51000e+02 4.36162e-04 6.73832e-17 -3.74812e-20
3.52000e+02 4.36162e-04 -4.36162e-04 8.46398e-19
3.53000e+02 4.36162e-04 -8.72324e-04 -4.49806e-05
3.54000e+02 7.85091e-04 8.72324e-04 2.29226e-04
3.55000e+02 7.85091e-04 -8.72324e-04 -2.29226e-04
3.56000e+02 8.72324e-04 8.72324e-04 -4.52146e-17
3.57000e+02 8.72324e-04 7.85091e-04 -2.29226e-04
3.58000e+02 8.72324e-04 4.36162e-04 -4.49806e-05
3.59000e+02 8.72324e-04 6.73832e-17 -3.17129e-18
3.60000e+02 8.72324e-04 -4.36162e-04 4.49806e-05
3.61000e+02 8.72324e-04 -7.85091e-04 2.29226e-04
3.62000e+02 8.72324e-04 -8.72324e-04 2.62648e-17
1.00000e+03 -3.23634e-17 -5.45354e-17 0.00000e+00
1.00100e+03 -6.60279e-17 -6.92805e-17 0.00000e+00
1.00200e+03 -4.75423e-17 -1.34441e-17 0.00000e+00
1.00300e+03 -9.21572e-18 7.35089e-17 0.00000e+00
1.00400e+03 3.72966e-17 7.96889e-17 0.00000e+00
1.00500e+03 6.37782e-17 -5.61075e-18 0.00000e+00
1.00600e+03 5.31259e-17 -8.44593e-17 0.00000e+00
1.00700e+03 -8.78204e-18 -5.71375e-17 0.00000e+00
1.00800e+03 -4.68917e-17 -3.38813e-18 0.00000e+00
1.00900e+03 -1.65883e-17 6.73832e-17 0.00000e+00
