0.00000e+00 0.00000e+00 0.00000e+00 0.00000e+00
1.00000e+00 0.00000e+00 0.00000e+00 0.00000e+00
2.00000e+00 0.00000e+00 0.00000e+00 0.00000e+00
3.00000e+00 0.00000e+00 0.00000e+00 0.00000e+00
4.00000e+00 0.00000e+00 0.00000e+00 0.00000e+00
5.00000e+00 0.00000e+00 0.00000e+00 0.00000e+00
6.00000e+00 0.00000e+00 0.00000e+00 0.00000e+00
7.00000e+00 0.00000e+00 0.00000e+00 0.00000e+00
8.00000e+00 0.00000e+00 0.00000e+00 0.00000e+00
9.00000e+00 0.00000e+00 0.00000e+00 0.00000e+00
1.00000e+01 0.00000e+00 0.00000e+00 0.00000e+00
1.10000e+01 0.00000e+00 0.00000e+00 0.00000e+00
1.20000e+01 0.00000e+00 0.00000e+00 0.00000e+00
1.30000e+01 0.00000e+00 0.00000e+00 0.00000e+00
1.40000e+01 0.00000e+00 0.00000e+00 0.00000e+00
1.50000e+01 0.00000e+00 0.00000e+00 0.00000e+00
1.60000e+01 0.00000e+00 0.00000e+00 0.00000e+00
1.70000e+01 0.00000e+00 0.00000e+00 0.00000e+00
1.80000e+01 0.00000e+00 0.00000e+00 0.00000e+00
1.90000e+01 0.00000e+00 0.00000e+00 0.00000e+00
2.00000e+01 0.00000e+00 0.00000e+00 0.00000e+00
2.10000e+01 0.00000e+00 0.00000e+00 0.00000e+00
2.20000e+01 0.00000e+00 0.00000e+00 0.00000e+00
2.30000e+01 0.00000e+00 0.00000e+00 0.00000e+00
2.40000e+01 0.00000e+00 0.00000e+00 0.00000e+00
2.50000e+01 0.00000e+00 0.00000e+00 0.00000e+00
2.60000e+01 0.00000e+00 0.00000e+00 0.00000e+00
2.70000e+01 0.00000e+00 0.00000e+00 0.00000e+00
2.80000e+01 0.00000e+00 0.00000e+00 0.00000e+00
2.90000e+01 0.00000e+00 0.00000e+00 0.00000e+00
3.00000e+01 0.00000e+00 0.00000e+00 0.00000e+00
3.10000e+01 0.00000e+00 0.00000e+00 0.00000e+00
3.20000e+01 0.00000e+00 0.00000e+00 0.00000e+00
3.30000e+01 -1.52691e-04 1.52691e-04 -2.42997e-17
3.40000e+01 -1.52691e-04 1.37422e-04 8.34921e-05
3.50000e+01 -1.52691e-04 7.63454e-05 -3.07228e-06
3.60000e+01 -1.52691e-04 -3.09540e-17 -4.87044e-20
3.70000e+01 -1.52691e-04 -7.63454e-05 3.07228e-06
3.80000e+01 -1.52691e-04 -1.37422e-04 -8.34921e-05
3.90000e+01 -1.52691e-04 -1.52691e-04 -2.43302e-17
4.00000e+01 -1.37422e-04 1.52691e-04 -8.34921e-05
4.10000e+01 -1.37422e-04 -1.52691e-04 8.34921e-05
4.20000e+01 -7.63454e-05 1.52691e-04 3.07228e-06
4.30000e+01 -7.63454e-05 7.63454e-05 -6.46980e-19
4.40000e+01 -7.63454e-05 -3.09540e-17 -3.18167e-20
4.50000e+01 -7.63454e-05 -7.63454e-05 -1.86951e-20
4.60000e+01 -7.63454e-05 -1.52691e-04 -3.07228e-06
4.70000e+01 -1.11131e-17 1.52691e-04 -1.23243e-19
4.80000e+01 -1.11131e-17 7.63454e-05 -2.62580e-20
4.90000e+01 -1.11131e-17 -3.09540e-17 -6.03565e-21
5.00000e+01 -1.11131e-17 -7.63454e-05 -1.82311e-20
5.10000e+01 -1.11131e-17 -1.52691e-04 -8.61856e-20
5.20000e+01 7.63454e-05 1.52691e-04 -3.07228e-06
5.30000e+01 7.63454e-05 7.63454e-05 1.84563e-19
5.40000e+01 7.63454e-05 -3.09540e-17 -1.38966e-20
5.50000e+01 7.63454e-05 -7.63454e-05 -1.26420e-19
5.60000e+01 7.63454e-05 -1.52691e-04 3.07228e-06
5.70000e+01 1.37422e-04 1.52691e-04 8.34921e-05
5.80000e+01 1.37422e-04 -1.52691e-04 -8.34921e-05
5.90000e+01 1.52691e-04 1.52691e-04 1.52669e-17
6.00000e+01 1.52691e-04 1.37422e-04 -8.34921e-05
6.10000e+01 1.52691e-04 7.63454e-05 3.07228e-06
6.20000e+01 1.52691e-04 -3.09540e-17 -1.58395e-19
6.30000e+01 1.52691e-04 -7.63454e-05 -3.07228e-06
6.40000e+01 1.52691e-04 -1.37422e-04 8.34921e-05
6.50000e+01 1.52691e-04 -1.52691e-04 -7.56909e-18
6.60000e+01 -4.32279e-04 4.32279e-04 -3.73508e-17
6.70000e+01 -4.32279e-04 3.89051e-04 9.85248e-05
6.80000e+01 -4.32279e-04 2.16139e-04 -7.40020e-06
6.90000e+01 -4.32279e-04 -5.29091e-17 1.35525e-20
7.00000e+01 -4.32279e-04 -2.16139e-04 7.40020e-06
7.10000e+01 -4.32279e-04 -3.89051e-04 -9.85248e-05
7.20000e+01 -4.32279e-04 -4.32279e-04 -3.95226e-17
7.30000e+01 -3.89051e-04 4.32279e-04 -9.85248e-05
7.40000e+01 -3.89051e-04 -4.32279e-04 9.85248e-05
7.50000e+01 -2.16139e-04 4.32279e-04 7.40020e-06
7.60000e+01 -2.16139e-04 2.16139e-04 -1.28885e-18
7.70000e+01 -2.16139e-04 -5.29091e-17 -6.70480e-20
7.80000e+01 -2.16139e-04 -2.16139e-04 -3.79577e-20
7.90000e+01 -2.16139e-04 -4.32279e-04 -7.40020e-06
8.00000e+01 -3.35018e-17 4.32279e-04 -1.73430e-19
8.10000e+01 -3.35018e-17 2.16139e-04 -5.54145e-20
8.20000e+01 -3.35018e-17 -5.29091e-17 -1.13227e-20
8.30000e+01 -3.35018e-17 -2.16139e-04 -3.39343e-20
8.40000e+01 -3.35018e-17 -4.32279e-04 -2.38440e-19
8.50000e+01 2.16139e-04 4.32279e-04 -7.40020e-06
8.60000e+01 2.16139e-04 2.16139e-04 3.68162e-19
8.70000e+01 2.16139e-04 -5.29091e-17 -2.37699e-20
8.80000e+01 2.16139e-04 -2.16139e-04 -2.42132e-19
8.90000e+01 2.16139e-04 -4.32279e-04 7.40020e-06
9.00000e+01 3.89051e-04 4.32279e-04 9.85248e-05
9.10000e+01 3.89051e-04 -4.32279e-04 -9.85248e-05
9.20000e+01 4.32279e-04 4.32279e-04 2.48926e-17
9.30000e+01 4.32279e-04 3.89051e-04 -9.85248e-05
9.40000e+01 4.32279e-04 2.16139e-04 7.40020e-06
9.50000e+01 4.32279e-04 -5.29091e-17 -4.26905e-19
9.60000e+01 4.32279e-04 -2.16139e-04 -7.40020e-06
9.70000e+01 4.32279e-04 -3.89051e-04 9.85248e-05
9.80000e+01 4.32279e-04 -4.32279e-04 -2.35949e-17
9.90000e+01 -6.78621e-04 6.78621e-04 -5.90488e-17
1.00000e+02 -6.78621e-04 6.10758e-04 7.03979e-05
1.01000e+02 -6.78621e-04 3.39310e-04 -1.32255e-05
1.02000e+02 -6.78621e-04 -6.44016e-17 1.35525e-19
1.03000e+02 -6.78621e-04 -3.39310e-04 1.32255e-05
1.04000e+02 -6.78621e-04 -6.10758e-04 -7.03979e-05
1.05000e+02 -6.78621e-04 -6.78621e-04 -4.56665e-17
1.06000e+02 -6.10758e-04 6.78621e-04 -7.03979e-05
1.07000e+02 -6.10758e-04 -6.78621e-04 7.03979e-05
1.08000e+02 -3.39310e-04 6.78621e-04 1.32255e-05
1.09000e+02 -3.39310e-04 3.39310e-04 -1.90792e-18
1.10000e+02 -3.39310e-04 -6.44016e-17 -1.01220e-19
1.11000e+02 -3.39310e-04 -3.39310e-04 -5.40513e-20
1.12000e+02 -3.39310e-04 -6.78621e-04 -1.32255e-05
1.13000e+02 -2.84061e-17 6.78621e-04 -1.79995e-19
1.14000e+02 -2.84061e-17 3.39310e-04 -8.45974e-20
1.15000e+02 -2.84061e-17 -6.44016e-17 -1.64549e-20
1.16000e+02 -2.84061e-17 -3.39310e-04 -4.66662e-20
1.17000e+02 -2.84061e-17 -6.78621e-04 -4.29869e-19
1.18000e+02 3.39310e-04 6.78621e-04 -1.32255e-05
1.19000e+02 3.39310e-04 3.39310e-04 5.44100e-19
1.20000e+02 3.39310e-04 -6.44016e-17 -3.17108e-20
1.21000e+02 3.39310e-04 -3.39310e-04 -3.48501e-19
1.22000e+02 3.39310e-04 -6.78621e-04 1.32255e-05
1.23000e+02 6.10758e-04 6.78621e-04 7.03979e-05
1.24000e+02 6.10758e-04 -6.78621e-04 -7.03979e-05
1.25000e+02 6.78621e-04 6.78621e-04 4.24709e-17
1.26000e+02 6.78621e-04 6.10758e-04 -7.03979e-05
1.27000e+02 6.78621e-04 3.39310e-04 1.32255e-05
1.28000e+02 6.78621e-04 -6.44016e-17 -7.47930e-19
1.29000e+02 6.78621e-04 -3.39310e-04 -1.32255e-05
1.30000e+02 6.78621e-04 -6.10758e-04 7.03979e-05
1.31000e+02 6.78621e-04 -6.78621e-04 -2.82147e-17
1.32000e+02 -7.96075e-04 7.96075e-04 -9.71039e-17
1.33000e+02 -7.96075e-04 7.16467e-04 1.79555e-05
1.34000e+02 -7.96075e-04 3.98037e-04 -2.01698e-05
1.35000e+02 -7.96075e-04 -6.51063e-17 2.99003e-19
1.36000e+02 -7.96075e-04 -3.98037e-04 2.01698e-05
1.37000e+02 -7.96075e-04 -7.16467e-04 -1.79555e-05
1.38000e+02 -7.96075e-04 -7.96075e-04 -3.39525e-17
1.39000e+02 -7.16467e-04 7.96075e-04 -1.79555e-05
1.40000e+02 -7.16467e-04 -7.96075e-04 1.79555e-05
1.41000e+02 -3.98037e-04 7.96075e-04 2.01698e-05
1.42000e+02 -3.98037e-04 3.98037e-04 -2.48337e-18
1.43000e+02 -3.98037e-04 -6.51063e-17 -1.35843e-19
1.44000e+02 -3.98037e-04 -3.98037e-04 -7.13096e-20
1.45000e+02 -3.98037e-04 -7.96075e-04 -2.01698e-05
1.46000e+02 -1.11944e-17 7.96075e-04 -2.14723e-19
1.47000e+02 -1.11944e-17 3.98037e-04 -1.09373e-19
1.48000e+02 -1.11944e-17 -6.51063e-17 -2.18407e-20
1.49000e+02 -1.11944e-17 -3.98037e-04 -6.15952e-20
1.50000e+02 -1.11944e-17 -7.96075e-04 -5.78100e-19
1.51000e+02 3.98037e-04 7.96075e-04 -2.01698e-05
1.52000e+02 3.98037e-04 3.98037e-04 7.08358e-19
1.53000e+02 3.98037e-04 -6.51063e-17 -3.63165e-20
1.54000e+02 3.98037e-04 -3.98037e-04 -4.47710e-19
1.55000e+02 3.98037e-04 -7.96075e-04 2.01698e-05
1.56000e+02 7.16467e-04 7.96075e-04 1.79555e-05
1.57000e+02 7.16467e-04 -7.96075e-04 -1.79555e-05
1.58000e+02 7.96075e-04 7.96075e-04 4.00884e-17
1.59000e+02 7.96075e-04 7.16467e-04 -1.79555e-05
1.60000e+02 7.96075e-04 3.98037e-04 2.01698e-05
1.61000e+02 7.96075e-04 -6.51063e-17 -1.08759e-18
1.62000e+02 7.96075e-04 -3.98037e-04 -2.01698e-05
1.63000e+02 7.96075e-04 -7.16467e-04 1.79555e-05
1.64000e+02 7.96075e-04 -7.96075e-04 -3.14690e-17
1.65000e+02 -7.41608e-04 7.41608e-04 -1.34089e-16
1.66000e+02 -7.41608e-04 6.67447e-04 -4.21501e-05
1.67000e+02 -7.41608e-04 3.70804e-04 -2.75063e-05
1.68000e+02 -7.41608e-04 -3.96005e-17 4.47233e-19
1.69000e+02 -7.41608e-04 -3.70804e-04 2.75063e-05
1.70000e+02 -7.41608e-04 -6.67447e-04 4.21501e-05
1.71000e+02 -7.41608e-04 -7.41608e-04 -2.51128e-17
1.72000e+02 -6.67447e-04 7.41608e-04 4.21501e-05
1.73000e+02 -6.67447e-04 -7.41608e-04 -4.21501e-05
1.74000e+02 -3.70804e-04 7.41608e-04 2.75063e-05
1.75000e+02 -3.70804e-04 3.70804e-04 -3.00496e-18
1.76000e+02 -3.70804e-04 -3.96005e-17 -1.66230e-19
1.77000e+02 -3.70804e-04 -3.70804e-04 -8.45974e-20
1.78000e+02 -3.70804e-04 -7.41608e-04 -2.75063e-05
1.79000e+02 -4.79759e-18 7.41608e-04 -2.79521e-19
1.80000e+02 -4.79759e-18 3.70804e-04 -1.28749e-19
1.81000e+02 -4.79759e-18 -3.96005e-17 -2.69243e-20
1.82000e+02 -4.79759e-18 -3.70804e-04 -7.68682e-20
1.83000e+02 -4.79759e-18 -7.41608e-04 -6.74662e-19
1.84000e+02 3.70804e-04 7.41608e-04 -2.75063e-05
1.85000e+02 3.70804e-04 3.70804e-04 8.63325e-19
1.86000e+02 3.70804e-04 -3.96005e-17 -4.10811e-20
1.87000e+02 3.70804e-04 -3.70804e-04 -5.38342e-19
1.88000e+02 3.70804e-04 -7.41608e-04 2.75063e-05
1.89000e+02 6.67447e-04 7.41608e-04 -4.21501e-05
1.90000e+02 6.67447e-04 -7.41608e-04 4.21501e-05
1.91000e+02 7.41608e-04 7.41608e-04 4.29276e-17
1.92000e+02 7.41608e-04 6.67447e-04 4.21501e-05
1.93000e+02 7.41608e-04 3.70804e-04 2.75063e-05
1.94000e+02 7.41608e-04 -3.96005e-17 -1.40099e-18
1.95000e+02 7.41608e-04 -3.70804e-04 -2.75063e-05
1.96000e+02 7.41608e-04 -6.67447e-04 -4.21501e-05
1.97000e+02 7.41608e-04 -7.41608e-04 -3.39626e-17
1.98000e+02 -5.19978e-04 5.19978e-04 -1.81133e-16
1.99000e+02 -5.19978e-04 4.67980e-04 -9.45515e-05
2.00000e+02 -5.19978e-04 2.59989e-04 -3.44026e-05
2.01000e+02 -5.19978e-04 -4.87891e-18 5.20078e-19
2.02000e+02 -5.19978e-04 -2.59989e-04 3.44026e-05
2.03000e+02 -5.19978e-04 -4.67980e-04 9.45515e-05
2.04000e+02 -5.19978e-04 -5.19978e-04 -1.33967e-17
2.05000e+02 -4.67980e-04 5.19978e-04 9.45515e-05
2.06000e+02 -4.67980e-04 -5.19978e-04 -9.45515e-05
2.07000e+02 -2.59989e-04 5.19978e-04 3.44026e-05
2.08000e+02 -2.59989e-04 2.59989e-04 -3.45718e-18
2.09000e+02 -2.59989e-04 -4.87891e-18 -1.91006e-19
2.10000e+02 -2.59989e-04 -2.59989e-04 -9.21148e-20
2.11000e+02 -2.59989e-04 -5.19978e-04 -3.44026e-05
2.12000e+02 -1.26310e-17 5.19978e-04 -3.11708e-19
2.13000e+02 -1.26310e-17 2.59989e-04 -1.45690e-19
2.14000e+02 -1.26310e-17 -4.87891e-18 -3.19385e-20
2.15000e+02 -1.26310e-17 -2.59989e-04 -8.88326e-20
2.16000e+02 -1.26310e-17 -5.19978e-04 -7.76729e-19
2.17000e+02 2.59989e-04 5.19978e-04 -3.44026e-05
2.18000e+02 2.59989e-04 2.59989e-04 9.89149e-19
2.19000e+02 2.59989e-04 -4.87891e-18 -4.70103e-20
2.20000e+02 2.59989e-04 -2.59989e-04 -6.18731e-19
2.21000e+02 2.59989e-04 -5.19978e-04 3.44026e-05
2.22000e+02 4.67980e-04 5.19978e-04 -9.45515e-05
2.23000e+02 4.67980e-04 -5.19978e-04 9.45515e-05
2.24000e+02 5.19978e-04 5.19978e-04 4.92905e-17
2.25000e+02 5.19978e-04 4.67980e-04 9.45515e-05
2.26000e+02 5.19978e-04 2.59989e-04 3.44026e-05
2.27000e+02 5.19978e-04 -4.87891e-18 -1.61614e-18
2.28000e+02 5.19978e-04 -2.59989e-04 -3.44026e-05
2.29000e+02 5.19978e-04 -4.67980e-04 -9.45515e-05
2.30000e+02 5.19978e-04 -5.19978e-04 -3.18112e-17
2.31000e+02 -1.76240e-04 1.76240e-04 -2.24572e-16
2.32000e+02 -1.76240e-04 1.58616e-04 -1.27180e-04
2.33000e+02 -1.76240e-04 8.81202e-05 -4.01402e-05
2.34000e+02 -1.76240e-04 3.44776e-17 4.98055e-19
2.35000e+02 -1.76240e-04 -8.81202e-05 4.01402e-05
2.36000e+02 -1.76240e-04 -1.58616e-04 1.27180e-04
2.37000e+02 -1.76240e-04 -1.76240e-04 9.97635e-18
2.38000e+02 -1.58616e-04 1.76240e-04 1.27180e-04
2.39000e+02 -1.58616e-04 -1.76240e-04 -1.27180e-04
2.40000e+02 -8.81202e-05 1.76240e-04 4.01402e-05
2.41000e+02 -8.81202e-05 8.81202e-05 -3.83284e-18
2.42000e+02 -8.81202e-05 3.44776e-17 -2.07841e-19
2.43000e+02 -8.81202e-05 -8.81202e-05 -9.08377e-20
2.44000e+02 -8.81202e-05 -1.76240e-04 -4.01402e-05
2.45000e+02 -1.58294e-17 1.76240e-04 -3.04085e-19
2.46000e+02 -1.58294e-17 8.81202e-05 -1.60989e-19
2.47000e+02 -1.58294e-17 3.44776e-17 -3.51341e-20
2.48000e+02 -1.58294e-17 -8.81202e-05 -9.72500e-20
2.49000e+02 -1.58294e-17 -1.76240e-04 -9.02937e-19
2.50000e+02 8.81202e-05 1.76240e-04 -4.01402e-05
2.51000e+02 8.81202e-05 8.81202e-05 1.08844e-18
2.52000e+02 8.81202e-05 3.44776e-17 -5.69630e-20
2.53000e+02 8.81202e-05 -8.81202e-05 -6.86070e-19
2.54000e+02 8.81202e-05 -1.76240e-04 4.01402e-05
2.55000e+02 1.58616e-04 1.76240e-04 -1.27180e-04
2.56000e+02 1.58616e-04 -1.76240e-04 1.27180e-04
2.57000e+02 1.76240e-04 1.76240e-04 5.07474e-17
2.58000e+02 1.76240e-04 1.58616e-04 1.27180e-04
2.59000e+02 1.76240e-04 8.81202e-05 4.01402e-05
2.60000e+02 1.76240e-04 3.44776e-17 -1.71101e-18
2.61000e+02 1.76240e-04 -8.81202e-05 -4.01402e-05
2.62000e+02 1.76240e-04 -1.58616e-04 -1.27180e-04
2.63000e+02 1.76240e-04 -1.76240e-04 -3.75066e-17
2.64000e+02 2.19936e-04 -2.19936e-04 -2.27601e-16
2.65000e+02 2.19936e-04 -1.97942e-04 -1.34507e-04
2.66000e+02 2.19936e-04 -1.09968e-04 -4.42845e-05
2.67000e+02 2.19936e-04 3.45860e-17 4.43845e-19
2.68000e+02 2.19936e-04 1.09968e-04 4.42845e-05
2.69000e+02 2.19936e-04 1.97942e-04 1.34507e-04
2.70000e+02 2.19936e-04 2.19936e-04 1.87906e-17
2.71000e+02 1.97942e-04 -2.19936e-04 1.34507e-04
2.72000e+02 1.97942e-04 2.19936e-04 -1.34507e-04
2.73000e+02 1.09968e-04 -2.19936e-04 4.42845e-05
2.74000e+02 1.09968e-04 -1.09968e-04 -4.11970e-18
2.75000e+02 1.09968e-04 3.45860e-17 -2.18217e-19
2.76000e+02 1.09968e-04 1.09968e-04 -8.66885e-20
2.77000e+02 1.09968e-04 2.19936e-04 -4.42845e-05
2.78000e+02 1.15196e-17 -2.19936e-04 -3.08320e-19
2.79000e+02 1.15196e-17 -1.09968e-04 -1.70862e-19
2.80000e+02 1.15196e-17 3.45860e-17 -3.74156e-20
2.81000e+02 1.15196e-17 1.09968e-04 -1.04714e-19
2.82000e+02 1.15196e-17 2.19936e-04 -9.84252e-19
2.83000e+02 -1.09968e-04 -2.19936e-04 -4.42845e-05
2.84000e+02 -1.09968e-04 -1.09968e-04 1.16541e-18
2.85000e+02 -1.09968e-04 3.45860e-17 -6.35275e-20
2.86000e+02 -1.09968e-04 1.09968e-04 -7.40095e-19
2.87000e+02 -1.09968e-04 2.19936e-04 4.42845e-05
2.88000e+02 -1.97942e-04 -2.19936e-04 -1.34507e-04
2.89000e+02 -1.97942e-04 2.19936e-04 1.34507e-04
2.90000e+02 -2.19936e-04 -2.19936e-04 6.25381e-17
2.91000e+02 -2.19936e-04 -1.97942e-04 1.34507e-04
2.92000e+02 -2.19936e-04 -1.09968e-04 4.42845e-05
2.93000e+02 -2.19936e-04 3.45860e-17 -1.74489e-18
2.94000e+02 -2.19936e-04 1.09968e-04 -4.42845e-05
2.95000e+02 -2.19936e-04 1.97942e-04 -1.34507e-04
2.96000e+02 -2.19936e-04 2.19936e-04 -3.94379e-17
2.97000e+02 5.95089e-04 -5.95089e-04 -2.39676e-16
2.98000e+02 5.95089e-04 -5.35580e-04 -1.18060e-04
2.99000e+02 5.95089e-04 -2.97545e-04 -4.67665e-05
3.00000e+02 5.95089e-04 4.18502e-17 4.33681e-19
3.01000e+02 5.95089e-04 2.97545e-04 4.67665e-05
3.02000e+02 5.95089e-04 5.35580e-04 1.18060e-04
3.03000e+02 5.95089e-04 5.95089e-04 3.44912e-17
3.04000e+02 5.35580e-04 -5.95089e-04 1.18060e-04
3.05000e+02 5.35580e-04 5.95089e-04 -1.18060e-04
3.06000e+02 2.97545e-04 -5.95089e-04 4.67665e-05
3.07000e+02 2.97545e-04 -2.97545e-04 -4.31066e-18
3.08000e+02 2.97545e-04 4.18502e-17 -2.26581e-19
3.09000e+02 2.97545e-04 2.97545e-04 -9.02884e-20
3.10000e+02 2.97545e-04 5.95089e-04 -4.67665e-05
3.11000e+02 2.90024e-17 -5.95089e-04 -3.79471e-19
3.12000e+02 2.90024e-17 -2.97545e-04 -1.74648e-19
3.13000e+02 2.90024e-17 4.18502e-17 -4.17548e-20
3.14000e+02 2.90024e-17 2.97545e-04 -1.13449e-19
3.15000e+02 2.90024e-17 5.95089e-04 -9.63923e-19
3.16000e+02 -2.97545e-04 -5.95089e-04 -4.67665e-05
3.17000e+02 -2.97545e-04 -2.97545e-04 1.22298e-18
3.18000e+02 -2.97545e-04 4.18502e-17 -6.61215e-20
3.19000e+02 -2.97545e-04 2.97545e-04 -7.80223e-19
3.20000e+02 -2.97545e-04 5.95089e-04 4.67665e-05
3.21000e+02 -5.35580e-04 -5.95089e-04 -1.18060e-04
3.22000e+02 -5.35580e-04 5.95089e-04 1.18060e-04
3.23000e+02 -5.95089e-04 -5.95089e-04 6.14404e-17
3.24000e+02 -5.95089e-04 -5.35580e-04 1.18060e-04
3.25000e+02 -5.95089e-04 -2.97545e-04 4.67665e-05
3.26000e+02 -5.95089e-04 4.18502e-17 -1.78893e-18
3.27000e+02 -5.95089e-04 2.97545e-04 -4.67665e-05
3.28000e+02 -5.95089e-04 5.35580e-04 -1.18060e-04
3.29000e+02 -5.95089e-04 5.95089e-04 -4.10235e-17
3.30000e+02 9.12679e-04 -9.12679e-04 -2.45694e-16
3.31000e+02 9.12679e-04 -8.21411e-04 -9.77731e-05
3.32000e+02 9.12679e-04 -4.56340e-04 -4.78402e-05
3.33000e+02 9.12679e-04 5.00901e-17 4.33681e-19
3.34000e+02 9.12679e-04 4.56340e-04 4.78402e-05
3.35000e+02 9.12679e-04 8.21411e-04 9.77731e-05
3.36000e+02 9.12679e-04 9.12679e-04 3.37729e-17
3.37000e+02 8.21411e-04 -9.12679e-04 9.77731e-05
3.38000e+02 8.21411e-04 9.12679e-04 -9.77731e-05
3.39000e+02 4.56340e-04 -9.12679e-04 4.78402e-05
3.40000e+02 4.56340e-04 -4.56340e-04 -4.39907e-18
3.41000e+02 4.56340e-04 5.00901e-17 -2.27905e-19
3.42000e+02 4.56340e-04 4.56340e-04 -9.30677e-20
3.43000e+02 4.56340e-04 9.12679e-04 -4.78402e-05
3.44000e+02 1.85399e-17 -9.12679e-04 -4.28599e-19
3.45000e+02 1.85399e-17 -4.56340e-04 -1.71762e-19
3.46000e+02 1.85399e-17 5.00901e-17 -4.13187e-20
3.47000e+02 1.85399e-17 4.56340e-04 -1.20040e-19
3.48000e+02 1.85399e-17 9.12679e-04 -9.36818e-19
3.49000e+02 -4.56340e-04 -9.12679e-04 -4.78402e-05
3.50000e+02 -4.56340e-04 -4.56340e-04 1.25281e-18
3.51000e+02 -4.56340e-04 5.00901e-17 -6.83979e-20
3.52000e+02 -4.56340e-04 4.56340e-04 -8.03305e-19
3.53000e+02 -4.56340e-04 9.12679e-04 4.78402e-05
3.54000e+02 -8.21411e-04 -9.12679e-04 -9.77731e-05
3.55000e+02 -8.21411e-04 9.12679e-04 9.77731e-05
3.56000e+02 -9.12679e-04 -9.12679e-04 6.82302e-17
3.57000e+02 -9.12679e-04 -8.21411e-04 9.77731e-05
3.58000e+02 -9.12679e-04 -4.56340e-04 4.78402e-05
3.59000e+02 -9.12679e-04 5.00901e-17 -1.81265e-18
3.60000e+02 -9.12679e-04 4.56340e-04 -4.78402e-05
3.61000e+02 -9.12679e-04 8.21411e-04 -9.77731e-05
3.62000e+02 -9.12679e-04 9.12679e-04 -3.63885e-17
1.00000e+03 -1.11131e-17 -3.09540e-17 0.00000e+00
1.00100e+03 -3.35018e-17 -5.29091e-17 0.00000e+00
1.00200e+03 -2.84061e-17 -6.44016e-17 0.00000e+00
1.00300e+03 -1.11944e-17 -6.51063e-17 0.00000e+00
1.00400e+03 -4.79759e-18 -3.96005e-17 0.00000e+00
1.00500e+03 -1.26310e-17 -4.87891e-18 0.00000e+00
1.00600e+03 -1.58294e-17 3.44776e-17 0.00000e+00
1.00700e+03 1.15196e-17 3.45860e-17 0.00000e+00
1.00800e+03 2.90024e-17 4.18502e-17 0.00000e+00
1.00900e+03 1.85399e-17 5.00901e-17 0.00000e+00
