0.00000e+00 0.00000e+00 0.00000e+00 0.00000e+00
1.00000e+00 0.00000e+00 0.00000e+00 0.00000e+00
2.00000e+00 0.00000e+00 0.00000e+00 0.00000e+00
3.00000e+00 0.00000e+00 0.00000e+00 0.00000e+00
4.00000e+00 0.00000e+00 0.00000e+00 0.00000e+00
5.00000e+00 0.00000e+00 0.00000e+00 0.00000e+00
6.00000e+00 0.00000e+00 0.00000e+00 0.00000e+00
7.00000e+00 0.00000e+00 0.00000e+00 0.00000e+00
8.00000e+00 0.00000e+00 0.00000e+00 0.00000e+00
9.00000e+00 0.00000e+00 0.00000e+00 0.00000e+00
1.00000e+01 0.00000e+00 0.00000e+00 0.00000e+00
1.10000e+01 0.00000e+00 0.00000e+00 0.00000e+00
1.20000e+01 0.00000e+00 0.00000e+00 0.00000e+00
1.30000e+01 0.00000e+00 0.00000e+00 0.00000e+00
1.40000e+01 0.00000e+00 0.00000e+00 0.00000e+00
1.50000e+01 0.00000e+00 0.00000e+00 0.00000e+00
1.60000e+01 0.00000e+00 0.00000e+00 0.00000e+00
1.70000e+01 0.00000e+00 0.00000e+00 0.00000e+00
1.80000e+01 0.00000e+00 0.00000e+00 0.00000e+00
1.90000e+01 0.00000e+00 0.00000e+00 0.00000e+00
2.00000e+01 0.00000e+00 0.00000e+00 0.00000e+00
2.10000e+01 0.00000e+00 0.00000e+00 0.00000e+00
2.20000e+01 0.00000e+00 0.00000e+00 0.00000e+00
2.30000e+01 0.00000e+00 0.00000e+00 0.00000e+00
2.40000e+01 0.00000e+00 0.00000e+00 0.00000e+00
2.50000e+01 0.00000e+00 0.00000e+00 0.00000e+00
2.60000e+01 0.00000e+00 0.00000e+00 0.00000e+00
2.70000e+01 0.00000e+00 0.00000e+00 0.00000e+00
2.80000e+01 0.00000e+00 0.00000e+00 0.00000e+00
2.90000e+01 0.00000e+00 0.00000e+00 0.00000e+00
3.00000e+01 0.00000e+00 0.00000e+00 0.00000e+00
3.10000e+01 0.00000e+00 0.00000e+00 0.00000e+00
3.20000e+01 0.00000e+00 0.00000e+00 0.00000e+00
3.30000e+01 6.65864e-05 -1.32970e-04 -7.96226e-06
3.40000e+01 6.65864e-05 -1.32970e-04 -4.41016e-05
3.50000e+01 6.65864e-05 -1.32970e-04 2.93388e-06
3.60000e+01 6.65864e-05 -1.32970e-04 2.38205e-06
3.70000e+01 6.65864e-05 -1.32970e-04 2.18868e-06
3.80000e+01 6.65864e-05 -1.32970e-04 1.30814e-05
3.90000e+01 6.65864e-05 -1.32970e-04 -2.39355e-05
4.00000e+01 6.65864e-05 -1.32970e-04 6.48626e-05
4.10000e+01 6.65864e-05 -1.32970e-04 4.93288e-05
4.20000e+01 6.65864e-05 -1.32970e-04 -2.02666e-06
4.30000e+01 6.65864e-05 -1.32970e-04 4.28112e-08
4.40000e+01 6.65864e-05 -1.32970e-04 2.21100e-07
4.50000e+01 6.65864e-05 -1.32970e-04 1.28695e-07
4.60000e+01 6.65864e-05 -1.32970e-04 5.38528e-07
4.70000e+01 6.65864e-05 -1.32970e-04 -1.19284e-06
4.80000e+01 6.65864e-05 -1.32970e-04 -1.10719e-07
4.90000e+01 6.65864e-05 -1.32970e-04 -3.88372e-21
5.00000e+01 6.65864e-05 -1.32970e-04 1.10719e-07
5.10000e+01 6.65864e-05 -1.32970e-04 1.19284e-06
5.20000e+01 6.65864e-05 -1.32970e-04 -5.38528e-07
5.30000e+01 6.65864e-05 -1.32970e-04 -1.28695e-07
5.40000e+01 6.65864e-05 -1.32970e-04 -2.21100e-07
5.50000e+01 6.65864e-05 -1.32970e-04 -4.28112e-08
5.60000e+01 6.65864e-05 -1.32970e-04 2.02666e-06
5.70000e+01 6.65864e-05 -1.32970e-04 -4.93288e-05
5.80000e+01 6.65864e-05 -1.32970e-04 -6.48626e-05
5.90000e+01 6.65864e-05 -1.32970e-04 2.39355e-05
6.00000e+01 6.65864e-05 -1.32970e-04 -1.30814e-05
6.10000e+01 6.65864e-05 -1.32970e-04 -2.18868e-06
6.20000e+01 6.65864e-05 -1.32970e-04 -2.38205e-06
6.30000e+01 6.65864e-05 -1.32970e-04 -2.93388e-06
6.40000e+01 6.65864e-05 -1.32970e-04 4.41016e-05
6.50000e+01 6.65864e-05 -1.32970e-04 7.96226e-06
6.60000e+01 1.84541e-04 -3.68519e-04 -7.31419e-06
6.70000e+01 1.84541e-04 -3.68519e-04 -4.80995e-05
6.80000e+01 1.84541e-04 -3.68519e-04 6.95308e-06
6.90000e+01 1.84541e-04 -3.68519e-04 5.43257e-06
7.00000e+01 1.84541e-04 -3.68519e-04 4.77984e-06
7.10000e+01 1.84541e-04 -3.68519e-04 1.88649e-05
7.20000e+01 1.84541e-04 -3.68519e-04 -2.19873e-05
7.30000e+01 1.84541e-04 -3.68519e-04 7.41821e-05
7.40000e+01 1.84541e-04 -3.68519e-04 5.95424e-05
7.50000e+01 1.84541e-04 -3.68519e-04 -5.10764e-06
7.60000e+01 1.84541e-04 -3.68519e-04 7.05313e-08
7.70000e+01 1.84541e-04 -3.68519e-04 4.11943e-07
7.80000e+01 1.84541e-04 -3.68519e-04 2.12025e-07
7.90000e+01 1.84541e-04 -3.68519e-04 7.67784e-07
8.00000e+01 1.84541e-04 -3.68519e-04 -2.72043e-06
8.10000e+01 1.84541e-04 -3.68519e-04 -2.06286e-07
8.20000e+01 1.84541e-04 -3.68519e-04 -6.51968e-21
8.30000e+01 1.84541e-04 -3.68519e-04 2.06286e-07
8.40000e+01 1.84541e-04 -3.68519e-04 2.72043e-06
8.50000e+01 1.84541e-04 -3.68519e-04 -7.67784e-07
8.60000e+01 1.84541e-04 -3.68519e-04 -2.12025e-07
8.70000e+01 1.84541e-04 -3.68519e-04 -4.11943e-07
8.80000e+01 1.84541e-04 -3.68519e-04 -7.05313e-08
8.90000e+01 1.84541e-04 -3.68519e-04 5.10764e-06
9.00000e+01 1.84541e-04 -3.68519e-04 -5.95424e-05
9.10000e+01 1.84541e-04 -3.68519e-04 -7.41821e-05
9.20000e+01 1.84541e-04 -3.68519e-04 2.19873e-05
9.30000e+01 1.84541e-04 -3.68519e-04 -1.88649e-05
9.40000e+01 1.84541e-04 -3.68519e-04 -4.77984e-06
9.50000e+01 1.84541e-04 -3.68519e-04 -5.43257e-06
9.60000e+01 1.84541e-04 -3.68519e-04 -6.95308e-06
9.70000e+01 1.84541e-04 -3.68519e-04 4.80995e-05
9.80000e+01 1.84541e-04 -3.68519e-04 7.31419e-06
9.90000e+01 2.83392e-04 -5.65919e-04 -1.85687e-06
1.00000e+02 2.83392e-04 -5.65919e-04 -2.91940e-05
1.01000e+02 2.83392e-04 -5.65919e-04 1.21852e-05
1.02000e+02 2.83392e-04 -5.65919e-04 9.21057e-06
1.03000e+02 2.83392e-04 -5.65919e-04 7.79455e-06
1.04000e+02 2.83392e-04 -5.65919e-04 2.20671e-05
1.05000e+02 2.83392e-04 -5.65919e-04 -5.58199e-06
1.06000e+02 2.83392e-04 -5.65919e-04 5.29674e-05
1.07000e+02 2.83392e-04 -5.65919e-04 4.93985e-05
1.08000e+02 2.83392e-04 -5.65919e-04 -9.38655e-06
1.09000e+02 2.83392e-04 -5.65919e-04 8.18940e-08
1.10000e+02 2.83392e-04 -5.65919e-04 5.68615e-07
1.11000e+02 2.83392e-04 -5.65919e-04 2.46183e-07
1.12000e+02 2.83392e-04 -5.65919e-04 6.18599e-07
1.13000e+02 2.83392e-04 -5.65919e-04 -4.61232e-06
1.14000e+02 2.83392e-04 -5.65919e-04 -2.84742e-07
1.15000e+02 2.83392e-04 -5.65919e-04 -9.40634e-21
1.16000e+02 2.83392e-04 -5.65919e-04 2.84742e-07
1.17000e+02 2.83392e-04 -5.65919e-04 4.61232e-06
1.18000e+02 2.83392e-04 -5.65919e-04 -6.18599e-07
1.19000e+02 2.83392e-04 -5.65919e-04 -2.46183e-07
1.20000e+02 2.83392e-04 -5.65919e-04 -5.68615e-07
1.21000e+02 2.83392e-04 -5.65919e-04 -8.18940e-08
1.22000e+02 2.83392e-04 -5.65919e-04 9.38655e-06
1.23000e+02 2.83392e-04 -5.65919e-04 -4.93985e-05
1.24000e+02 2.83392e-04 -5.65919e-04 -5.29674e-05
1.25000e+02 2.83392e-04 -5.65919e-04 5.58199e-06
1.26000e+02 2.83392e-04 -5.65919e-04 -2.20671e-05
1.27000e+02 2.83392e-04 -5.65919e-04 -7.79455e-06
1.28000e+02 2.83392e-04 -5.65919e-04 -9.21057e-06
1.29000e+02 2.83392e-04 -5.65919e-04 -1.21852e-05
1.30000e+02 2.83392e-04 -5.65919e-04 2.91940e-05
1.31000e+02 2.83392e-04 -5.65919e-04 1.85687e-06
1.32000e+02 3.25601e-04 -6.50209e-04 6.25636e-06
1.33000e+02 3.25601e-04 -6.50209e-04 1.20211e-06
1.34000e+02 3.25601e-04 -6.50209e-04 1.82444e-05
1.35000e+02 3.25601e-04 -6.50209e-04 1.34609e-05
1.36000e+02 3.25601e-04 -6.50209e-04 1.10530e-05
1.37000e+02 3.25601e-04 -6.50209e-04 2.38130e-05
1.38000e+02 3.25601e-04 -6.50209e-04 1.88074e-05
1.39000e+02 3.25601e-04 -6.50209e-04 1.63131e-05
1.40000e+02 3.25601e-04 -6.50209e-04 2.88398e-05
1.41000e+02 3.25601e-04 -6.50209e-04 -1.45159e-05
1.42000e+02 3.25601e-04 -6.50209e-04 7.94229e-08
1.43000e+02 3.25601e-04 -6.50209e-04 6.93316e-07
1.44000e+02 3.25601e-04 -6.50209e-04 2.38755e-07
1.45000e+02 3.25601e-04 -6.50209e-04 1.55164e-07
1.46000e+02 3.25601e-04 -6.50209e-04 -6.74072e-06
1.47000e+02 3.25601e-04 -6.50209e-04 -3.47188e-07
1.48000e+02 3.25601e-04 -6.50209e-04 -1.45408e-20
1.49000e+02 3.25601e-04 -6.50209e-04 3.47188e-07
1.50000e+02 3.25601e-04 -6.50209e-04 6.74072e-06
1.51000e+02 3.25601e-04 -6.50209e-04 -1.55164e-07
1.52000e+02 3.25601e-04 -6.50209e-04 -2.38755e-07
1.53000e+02 3.25601e-04 -6.50209e-04 -6.93316e-07
1.54000e+02 3.25601e-04 -6.50209e-04 -7.94229e-08
1.55000e+02 3.25601e-04 -6.50209e-04 1.45159e-05
1.56000e+02 3.25601e-04 -6.50209e-04 -2.88398e-05
1.57000e+02 3.25601e-04 -6.50209e-04 -1.63131e-05
1.58000e+02 3.25601e-04 -6.50209e-04 -1.88074e-05
1.59000e+02 3.25601e-04 -6.50209e-04 -2.38130e-05
1.60000e+02 3.25601e-04 -6.50209e-04 -1.10530e-05
1.61000e+02 3.25601e-04 -6.50209e-04 -1.34609e-05
1.62000e+02 3.25601e-04 -6.50209e-04 -1.82444e-05
1.63000e+02 3.25601e-04 -6.50209e-04 -1.20211e-06
1.64000e+02 3.25601e-04 -6.50209e-04 -6.25636e-06
1.65000e+02 2.96389e-04 -5.91873e-04 1.49498e-05
1.66000e+02 2.96389e-04 -5.91873e-04 3.44761e-05
1.67000e+02 2.96389e-04 -5.91873e-04 2.44899e-05
1.68000e+02 2.96389e-04 -5.91873e-04 1.77697e-05
1.69000e+02 2.96389e-04 -5.91873e-04 1.42817e-05
1.70000e+02 2.96389e-04 -5.91873e-04 2.53781e-05
1.71000e+02 2.96389e-04 -5.91873e-04 4.49408e-05
1.72000e+02 2.96389e-04 -5.91873e-04 -2.40706e-05
1.73000e+02 2.96389e-04 -5.91873e-04 5.90220e-06
1.74000e+02 2.96389e-04 -5.91873e-04 -1.99003e-05
1.75000e+02 2.96389e-04 -5.91873e-04 6.85277e-08
1.76000e+02 2.96389e-04 -5.91873e-04 7.92895e-07
1.77000e+02 2.96389e-04 -5.91873e-04 2.06003e-07
1.78000e+02 2.96389e-04 -5.91873e-04 -4.84933e-07
1.79000e+02 2.96389e-04 -5.91873e-04 -8.89842e-06
1.80000e+02 2.96389e-04 -5.91873e-04 -3.97053e-07
1.81000e+02 2.96389e-04 -5.91873e-04 -1.60334e-20
1.82000e+02 2.96389e-04 -5.91873e-04 3.97053e-07
1.83000e+02 2.96389e-04 -5.91873e-04 8.89842e-06
1.84000e+02 2.96389e-04 -5.91873e-04 4.84933e-07
1.85000e+02 2.96389e-04 -5.91873e-04 -2.06003e-07
1.86000e+02 2.96389e-04 -5.91873e-04 -7.92895e-07
1.87000e+02 2.96389e-04 -5.91873e-04 -6.85277e-08
1.88000e+02 2.96389e-04 -5.91873e-04 1.99003e-05
1.89000e+02 2.96389e-04 -5.91873e-04 -5.90220e-06
1.90000e+02 2.96389e-04 -5.91873e-04 2.40706e-05
1.91000e+02 2.96389e-04 -5.91873e-04 -4.49408e-05
1.92000e+02 2.96389e-04 -5.91873e-04 -2.53781e-05
1.93000e+02 2.96389e-04 -5.91873e-04 -1.42817e-05
1.94000e+02 2.96389e-04 -5.91873e-04 -1.77697e-05
1.95000e+02 2.96389e-04 -5.91873e-04 -2.44899e-05
1.96000e+02 2.96389e-04 -5.91873e-04 -3.44761e-05
1.97000e+02 2.96389e-04 -5.91873e-04 -1.49498e-05
1.98000e+02 2.00333e-04 -4.00054e-04 2.24659e-05
1.99000e+02 2.00333e-04 -4.00054e-04 6.25505e-05
2.00000e+02 2.00333e-04 -4.00054e-04 3.02260e-05
2.01000e+02 2.00333e-04 -4.00054e-04 2.16944e-05
2.02000e+02 2.00333e-04 -4.00054e-04 1.71904e-05
2.03000e+02 2.00333e-04 -4.00054e-04 2.72480e-05
2.04000e+02 2.00333e-04 -4.00054e-04 6.75352e-05
2.05000e+02 2.00333e-04 -4.00054e-04 -5.77325e-05
2.06000e+02 2.00333e-04 -4.00054e-04 -1.27647e-05
2.07000e+02 2.00333e-04 -4.00054e-04 -2.48880e-05
2.08000e+02 2.00333e-04 -4.00054e-04 5.51009e-08
2.09000e+02 2.00333e-04 -4.00054e-04 8.74704e-07
2.10000e+02 2.00333e-04 -4.00054e-04 1.65640e-07
2.11000e+02 2.00333e-04 -4.00054e-04 -1.14353e-06
2.12000e+02 2.00333e-04 -4.00054e-04 -1.08638e-05
2.13000e+02 2.00333e-04 -4.00054e-04 -4.38020e-07
2.14000e+02 2.00333e-04 -4.00054e-04 -8.00914e-21
2.15000e+02 2.00333e-04 -4.00054e-04 4.38020e-07
2.16000e+02 2.00333e-04 -4.00054e-04 1.08638e-05
2.17000e+02 2.00333e-04 -4.00054e-04 1.14353e-06
2.18000e+02 2.00333e-04 -4.00054e-04 -1.65640e-07
2.19000e+02 2.00333e-04 -4.00054e-04 -8.74704e-07
2.20000e+02 2.00333e-04 -4.00054e-04 -5.51009e-08
2.21000e+02 2.00333e-04 -4.00054e-04 2.48880e-05
2.22000e+02 2.00333e-04 -4.00054e-04 1.27647e-05
2.23000e+02 2.00333e-04 -4.00054e-04 5.77325e-05
2.24000e+02 2.00333e-04 -4.00054e-04 -6.75352e-05
2.25000e+02 2.00333e-04 -4.00054e-04 -2.72480e-05
2.26000e+02 2.00333e-04 -4.00054e-04 -1.71904e-05
2.27000e+02 2.00333e-04 -4.00054e-04 -2.16944e-05
2.28000e+02 2.00333e-04 -4.00054e-04 -3.02260e-05
2.29000e+02 2.00333e-04 -4.00054e-04 -6.25505e-05
2.30000e+02 2.00333e-04 -4.00054e-04 -2.24659e-05
2.31000e+02 5.80733e-05 -1.15969e-04 2.73337e-05
2.32000e+02 5.80733e-05 -1.15969e-04 7.92279e-05
2.33000e+02 5.80733e-05 -1.15969e-04 3.48824e-05
2.34000e+02 5.80733e-05 -1.15969e-04 2.48754e-05
2.35000e+02 5.80733e-05 -1.15969e-04 1.95480e-05
2.36000e+02 5.80733e-05 -1.15969e-04 3.00343e-05
2.37000e+02 5.80733e-05 -1.15969e-04 8.21684e-05
2.38000e+02 5.80733e-05 -1.15969e-04 -7.64759e-05
2.39000e+02 5.80733e-05 -1.15969e-04 -2.17613e-05
2.40000e+02 5.80733e-05 -1.15969e-04 -2.89394e-05
2.41000e+02 5.80733e-05 -1.15969e-04 4.38237e-08
2.42000e+02 5.80733e-05 -1.15969e-04 9.43897e-07
2.43000e+02 5.80733e-05 -1.15969e-04 1.31739e-07
2.44000e+02 5.80733e-05 -1.15969e-04 -1.68260e-06
2.45000e+02 5.80733e-05 -1.15969e-04 -1.24567e-05
2.46000e+02 5.80733e-05 -1.15969e-04 -4.72670e-07
2.47000e+02 5.80733e-05 -1.15969e-04 -1.16627e-20
2.48000e+02 5.80733e-05 -1.15969e-04 4.72670e-07
2.49000e+02 5.80733e-05 -1.15969e-04 1.24567e-05
2.50000e+02 5.80733e-05 -1.15969e-04 1.68260e-06
2.51000e+02 5.80733e-05 -1.15969e-04 -1.31739e-07
2.52000e+02 5.80733e-05 -1.15969e-04 -9.43897e-07
2.53000e+02 5.80733e-05 -1.15969e-04 -4.38237e-08
2.54000e+02 5.80733e-05 -1.15969e-04 2.89394e-05
2.55000e+02 5.80733e-05 -1.15969e-04 2.17613e-05
2.56000e+02 5.80733e-05 -1.15969e-04 7.64759e-05
2.57000e+02 5.80733e-05 -1.15969e-04 -8.21684e-05
2.58000e+02 5.80733e-05 -1.15969e-04 -3.00343e-05
2.59000e+02 5.80733e-05 -1.15969e-04 -1.95480e-05
2.60000e+02 5.80733e-05 -1.15969e-04 -2.48754e-05
2.61000e+02 5.80733e-05 -1.15969e-04 -3.48824e-05
2.62000e+02 5.80733e-05 -1.15969e-04 -7.92279e-05
2.63000e+02 5.80733e-05 -1.15969e-04 -2.73337e-05
2.64000e+02 -1.00376e-04 2.00445e-04 2.89483e-05
2.65000e+02 -1.00376e-04 2.00445e-04 8.19846e-05
2.66000e+02 -1.00376e-04 2.00445e-04 3.81451e-05
2.67000e+02 -1.00376e-04 2.00445e-04 2.71152e-05
2.68000e+02 -1.00376e-04 2.00445e-04 2.12271e-05
2.69000e+02 -1.00376e-04 2.00445e-04 3.38169e-05
2.70000e+02 -1.00376e-04 2.00445e-04 8.70219e-05
2.71000e+02 -1.00376e-04 2.00445e-04 -7.70889e-05
2.72000e+02 -1.00376e-04 2.00445e-04 -1.90997e-05
2.73000e+02 -1.00376e-04 2.00445e-04 -3.17579e-05
2.74000e+02 -1.00376e-04 2.00445e-04 3.66728e-08
2.75000e+02 -1.00376e-04 2.00445e-04 1.00109e-06
2.76000e+02 -1.00376e-04 2.00445e-04 1.10243e-07
2.77000e+02 -1.00376e-04 2.00445e-04 -2.02648e-06
2.78000e+02 -1.00376e-04 2.00445e-04 -1.35783e-05
2.79000e+02 -1.00376e-04 2.00445e-04 -5.01308e-07
2.80000e+02 -1.00376e-04 2.00445e-04 -9.72495e-21
2.81000e+02 -1.00376e-04 2.00445e-04 5.01308e-07
2.82000e+02 -1.00376e-04 2.00445e-04 1.35783e-05
2.83000e+02 -1.00376e-04 2.00445e-04 2.02648e-06
2.84000e+02 -1.00376e-04 2.00445e-04 -1.10243e-07
2.85000e+02 -1.00376e-04 2.00445e-04 -1.00109e-06
2.86000e+02 -1.00376e-04 2.00445e-04 -3.66728e-08
2.87000e+02 -1.00376e-04 2.00445e-04 3.17579e-05
2.88000e+02 -1.00376e-04 2.00445e-04 1.90997e-05
2.89000e+02 -1.00376e-04 2.00445e-04 7.70889e-05
2.90000e+02 -1.00376e-04 2.00445e-04 -8.70219e-05
2.91000e+02 -1.00376e-04 2.00445e-04 -3.38169e-05
2.92000e+02 -1.00376e-04 2.00445e-04 -2.12271e-05
2.93000e+02 -1.00376e-04 2.00445e-04 -2.71152e-05
2.94000e+02 -1.00376e-04 2.00445e-04 -3.81451e-05
2.95000e+02 -1.00376e-04 2.00445e-04 -8.19846e-05
2.96000e+02 -1.00376e-04 2.00445e-04 -2.89483e-05
2.97000e+02 -2.43252e-04 4.85762e-04 2.73859e-05
2.98000e+02 -2.43252e-04 4.85762e-04 7.10032e-05
2.99000e+02 -2.43252e-04 4.85762e-04 4.00192e-05
3.00000e+02 -2.43252e-04 4.85762e-04 2.84227e-05
3.01000e+02 -2.43252e-04 4.85762e-04 2.22359e-05
3.02000e+02 -2.43252e-04 4.85762e-04 3.84551e-05
3.03000e+02 -2.43252e-04 4.85762e-04 8.23252e-05
3.04000e+02 -2.43252e-04 4.85762e-04 -5.99048e-05
3.05000e+02 -2.43252e-04 4.85762e-04 -5.09203e-06
3.06000e+02 -2.43252e-04 4.85762e-04 -3.33437e-05
3.07000e+02 -2.43252e-04 4.85762e-04 3.31770e-08
3.08000e+02 -2.43252e-04 4.85762e-04 1.04299e-06
3.09000e+02 -2.43252e-04 4.85762e-04 9.97339e-08
3.10000e+02 -2.43252e-04 4.85762e-04 -2.16859e-06
3.11000e+02 -2.43252e-04 4.85762e-04 -1.42331e-05
3.12000e+02 -2.43252e-04 4.85762e-04 -5.22292e-07
3.13000e+02 -2.43252e-04 4.85762e-04 -1.41634e-20
3.14000e+02 -2.43252e-04 4.85762e-04 5.22292e-07
3.15000e+02 -2.43252e-04 4.85762e-04 1.42331e-05
3.16000e+02 -2.43252e-04 4.85762e-04 2.16859e-06
3.17000e+02 -2.43252e-04 4.85762e-04 -9.97339e-08
3.18000e+02 -2.43252e-04 4.85762e-04 -1.04299e-06
3.19000e+02 -2.43252e-04 4.85762e-04 -3.31770e-08
3.20000e+02 -2.43252e-04 4.85762e-04 3.33437e-05
3.21000e+02 -2.43252e-04 4.85762e-04 5.09203e-06
3.22000e+02 -2.43252e-04 4.85762e-04 5.99048e-05
3.23000e+02 -2.43252e-04 4.85762e-04 -8.23252e-05
3.24000e+02 -2.43252e-04 4.85762e-04 -3.84551e-05
3.25000e+02 -2.43252e-04 4.85762e-04 -2.22359e-05
3.26000e+02 -2.43252e-04 4.85762e-04 -2.84227e-05
3.27000e+02 -2.43252e-04 4.85762e-04 -4.00192e-05
3.28000e+02 -2.43252e-04 4.85762e-04 -7.10032e-05
3.29000e+02 -2.43252e-04 4.85762e-04 -2.73859e-05
3.30000e+02 -3.54544e-04 7.08007e-04 2.48944e-05
3.31000e+02 -3.54544e-04 7.08007e-04 5.78449e-05
3.32000e+02 -3.54544e-04 7.08007e-04 4.07808e-05
3.33000e+02 -3.54544e-04 7.08007e-04 2.89577e-05
3.34000e+02 -3.54544e-04 7.08007e-04 2.26632e-05
3.35000e+02 -3.54544e-04 7.08007e-04 4.23752e-05
3.36000e+02 -3.54544e-04 7.08007e-04 7.48355e-05
3.37000e+02 -3.54544e-04 7.08007e-04 -4.05394e-05
3.38000e+02 -3.54544e-04 7.08007e-04 9.64720e-06
3.39000e+02 -3.54544e-04 7.08007e-04 -3.39752e-05
3.40000e+02 -3.54544e-04 7.08007e-04 2.63424e-08
3.41000e+02 -3.54544e-04 7.08007e-04 1.05502e-06
3.42000e+02 -3.54544e-04 7.08007e-04 7.91885e-08
3.43000e+02 -3.54544e-04 7.08007e-04 -2.20478e-06
3.44000e+02 -3.54544e-04 7.08007e-04 -1.45010e-05
3.45000e+02 -3.54544e-04 7.08007e-04 -5.28317e-07
3.46000e+02 -3.54544e-04 7.08007e-04 6.87015e-21
3.47000e+02 -3.54544e-04 7.08007e-04 5.28317e-07
3.48000e+02 -3.54544e-04 7.08007e-04 1.45010e-05
3.49000e+02 -3.54544e-04 7.08007e-04 2.20478e-06
3.50000e+02 -3.54544e-04 7.08007e-04 -7.91885e-08
3.51000e+02 -3.54544e-04 7.08007e-04 -1.05502e-06
3.52000e+02 -3.54544e-04 7.08007e-04 -2.63424e-08
3.53000e+02 -3.54544e-04 7.08007e-04 3.39752e-05
3.54000e+02 -3.54544e-04 7.08007e-04 -9.64720e-06
3.55000e+02 -3.54544e-04 7.08007e-04 4.05394e-05
3.56000e+02 -3.54544e-04 7.08007e-04 -7.48355e-05
3.57000e+02 -3.54544e-04 7.08007e-04 -4.23752e-05
3.58000e+02 -3.54544e-04 7.08007e-04 -2.26632e-05
3.59000e+02 -3.54544e-04 7.08007e-04 -2.89577e-05
3.60000e+02 -3.54544e-04 7.08007e-04 -4.07808e-05
3.61000e+02 -3.54544e-04 7.08007e-04 -5.78449e-05
3.62000e+02 -3.54544e-04 7.08007e-04 -2.48944e-05
1.00000e+03 6.65864e-05 -1.32970e-04 0.00000e+00
1.00100e+03 1.84541e-04 -3.68519e-04 0.00000e+00
1.00200e+03 2.83392e-04 -5.65919e-04 0.00000e+00
1.00300e+03 3.25601e-04 -6.50209e-04 0.00000e+00
1.00400e+03 2.96389e-04 -5.91873e-04 0.00000e+00
1.00500e+03 2.00333e-04 -4.00054e-04 0.00000e+00
1.00600e+03 5.80733e-05 -1.15969e-04 0.00000e+00
1.00700e+03 -1.00376e-04 2.00445e-04 0.00000e+00
1.00800e+03 -2.43252e-04 4.85762e-04 0.00000e+00
1.00900e+03 -3.54544e-04 7.08007e-04 0.00000e+00
